<?xml version="1.0" encoding="UTF-8"?>
<coverage generated="1774485226345" clover="3.2.0">
  <project timestamp="1774485226345" name="All files">
    <metrics statements="55" coveredstatements="55" conditionals="27" coveredconditionals="25" methods="20" coveredmethods="20" elements="102" coveredelements="100" complexity="0" loc="55" ncloc="55" packages="7" files="11" classes="11"/>
    <package name="src">
      <metrics statements="6" coveredstatements="6" conditionals="0" coveredconditionals="0" methods="0" coveredmethods="0"/>
      <file name="App.css" path="C:\Users\Umesh\Projects\InternshipManagement\InternshipManagement\frontend\src\App.css">
        <metrics statements="0" coveredstatements="0" conditionals="0" coveredconditionals="0" methods="0" coveredmethods="0"/>
      </file>
      <file name="constants.ts" path="C:\Users\Umesh\Projects\InternshipManagement\InternshipManagement\frontend\src\constants.ts">
        <metrics statements="6" coveredstatements="6" conditionals="0" coveredconditionals="0" methods="0" coveredmethods="0"/>
        <line num="1" count="4" type="stmt"/>
        <line num="2" count="4" type="stmt"/>
        <line num="4" count="4" type="stmt"/>
        <line num="6" count="4" type="stmt"/>
        <line num="8" count="4" type="stmt"/>
        <line num="14" count="4" type="stmt"/>
      </file>
      <file name="index.css" path="C:\Users\Umesh\Projects\InternshipManagement\InternshipManagement\frontend\src\index.css">
        <metrics statements="0" coveredstatements="0" conditionals="0" coveredconditionals="0" methods="0" coveredmethods="0"/>
      </file>
    </package>
    <package name="src.assets">
      <metrics statements="0" coveredstatements="0" conditionals="0" coveredconditionals="0" methods="0" coveredmethods="0"/>
      <file name="react.svg" path="C:\Users\Umesh\Projects\InternshipManagement\InternshipManagement\frontend\src\assets\react.svg">
        <metrics statements="0" coveredstatements="0" conditionals="0" coveredconditionals="0" methods="0" coveredmethods="0"/>
      </file>
    </package>
    <package name="src.components">
      <metrics statements="15" coveredstatements="15" conditionals="13" coveredconditionals="11" methods="9" coveredmethods="9"/>
      <file name="DataTable.tsx" path="C:\Users\Umesh\Projects\InternshipManagement\InternshipManagement\frontend\src\components\DataTable.tsx">
        <metrics statements="7" coveredstatements="7" conditionals="9" coveredconditionals="8" methods="5" coveredmethods="5"/>
        <line num="18" count="6" type="stmt"/>
        <line num="19" count="6" type="stmt"/>
        <line num="25" count="6" type="stmt"/>
        <line num="30" count="6" type="stmt"/>
        <line num="32" count="12" type="stmt"/>
        <line num="54" count="4" type="stmt"/>
        <line num="62" count="8" type="stmt"/>
      </file>
      <file name="ErrorBoundary.tsx" path="C:\Users\Umesh\Projects\InternshipManagement\InternshipManagement\frontend\src\components\ErrorBoundary.tsx">
        <metrics statements="8" coveredstatements="8" conditionals="4" coveredconditionals="3" methods="4" coveredmethods="4"/>
        <line num="15" count="7" type="stmt"/>
        <line num="18" count="6" type="cond" truecount="1" falsecount="1"/>
        <line num="19" count="6" type="stmt"/>
        <line num="23" count="3" type="stmt"/>
        <line num="27" count="13" type="cond" truecount="2" falsecount="0"/>
        <line num="28" count="6" type="stmt"/>
        <line num="34" count="1" type="stmt"/>
        <line num="41" count="7" type="stmt"/>
      </file>
    </package>
    <package name="src.components.ui">
      <metrics statements="2" coveredstatements="2" conditionals="2" coveredconditionals="2" methods="1" coveredmethods="1"/>
      <file name="button.tsx" path="C:\Users\Umesh\Projects\InternshipManagement\InternshipManagement\frontend\src\components\ui\button.tsx">
        <metrics statements="2" coveredstatements="2" conditionals="2" coveredconditionals="2" methods="1" coveredmethods="1"/>
        <line num="6" count="1" type="stmt"/>
        <line num="49" count="22" type="stmt"/>
      </file>
    </package>
    <package name="src.features.auth">
      <metrics statements="18" coveredstatements="18" conditionals="12" coveredconditionals="12" methods="7" coveredmethods="7"/>
      <file name="LoginPage.tsx" path="C:\Users\Umesh\Projects\InternshipManagement\InternshipManagement\frontend\src\features\auth\LoginPage.tsx">
        <metrics statements="12" coveredstatements="12" conditionals="10" coveredconditionals="10" methods="3" coveredmethods="3"/>
        <line num="15" count="22" type="stmt"/>
        <line num="16" count="68" type="stmt"/>
        <line num="17" count="22" type="stmt"/>
        <line num="23" count="22" type="stmt"/>
        <line num="25" count="22" type="stmt"/>
        <line num="26" count="3" type="stmt"/>
        <line num="27" count="3" type="stmt"/>
        <line num="28" count="3" type="stmt"/>
        <line num="29" count="2" type="stmt"/>
        <line num="30" count="2" type="cond" truecount="2" falsecount="0"/>
        <line num="32" count="1" type="stmt"/>
        <line num="36" count="22" type="stmt"/>
      </file>
      <file name="useAuthStore.ts" path="C:\Users\Umesh\Projects\InternshipManagement\InternshipManagement\frontend\src\features\auth\useAuthStore.ts">
        <metrics statements="6" coveredstatements="6" conditionals="2" coveredconditionals="2" methods="4" coveredmethods="4"/>
        <line num="21" count="3" type="stmt"/>
        <line num="23" count="3" type="stmt"/>
        <line num="26" count="11" type="stmt"/>
        <line num="27" count="20" type="stmt"/>
        <line num="29" count="6" type="stmt"/>
        <line num="30" count="6" type="cond" truecount="2" falsecount="0"/>
      </file>
    </package>
    <package name="src.hooks">
      <metrics statements="13" coveredstatements="13" conditionals="0" coveredconditionals="0" methods="2" coveredmethods="2"/>
      <file name="usePdfDownload.ts" path="C:\Users\Umesh\Projects\InternshipManagement\InternshipManagement\frontend\src\hooks\usePdfDownload.ts">
        <metrics statements="13" coveredstatements="13" conditionals="0" coveredconditionals="0" methods="2" coveredmethods="2"/>
        <line num="5" count="9" type="stmt"/>
        <line num="11" count="4" type="stmt"/>
        <line num="12" count="4" type="stmt"/>
        <line num="13" count="4" type="stmt"/>
        <line num="14" count="3" type="stmt"/>
        <line num="15" count="3" type="stmt"/>
        <line num="16" count="3" type="stmt"/>
        <line num="17" count="3" type="stmt"/>
        <line num="18" count="3" type="stmt"/>
        <line num="19" count="3" type="stmt"/>
        <line num="20" count="3" type="stmt"/>
        <line num="22" count="4" type="stmt"/>
        <line num="26" count="9" type="stmt"/>
      </file>
    </package>
    <package name="src.lib">
      <metrics statements="1" coveredstatements="1" conditionals="0" coveredconditionals="0" methods="1" coveredmethods="1"/>
      <file name="utils.ts" path="C:\Users\Umesh\Projects\InternshipManagement\InternshipManagement\frontend\src\lib\utils.ts">
        <metrics statements="1" coveredstatements="1" conditionals="0" coveredconditionals="0" methods="1" coveredmethods="1"/>
        <line num="5" count="32" type="stmt"/>
      </file>
    </package>
  </project>
</coverage>
