{"C:\\Users\\Umesh\\Projects\\InternshipManagement\\InternshipManagement\\frontend\\src\\App.css": {"path":"C:\\Users\\Umesh\\Projects\\InternshipManagement\\InternshipManagement\\frontend\\src\\App.css","statementMap":{},"fnMap":{},"branchMap":{},"s":{},"f":{},"b":{},"meta":{"lastBranch":0,"lastFunction":0,"lastStatement":0,"seen":{}}}
,"C:\\Users\\Umesh\\Projects\\InternshipManagement\\InternshipManagement\\frontend\\src\\constants.ts": {"path":"C:\\Users\\Umesh\\Projects\\InternshipManagement\\InternshipManagement\\frontend\\src\\constants.ts","statementMap":{"0":{"start":{"line":1,"column":28},"end":{"line":1,"column":null}},"1":{"start":{"line":2,"column":28},"end":{"line":2,"column":null}},"2":{"start":{"line":4,"column":32},"end":{"line":4,"column":null}},"3":{"start":{"line":6,"column":35},"end":{"line":6,"column":null}},"4":{"start":{"line":8,"column":22},"end":{"line":12,"column":null}},"5":{"start":{"line":14,"column":25},"end":{"line":18,"column":null}}},"fnMap":{},"branchMap":{},"s":{"0":4,"1":4,"2":4,"3":4,"4":4,"5":4},"f":{},"b":{},"meta":{"lastBranch":0,"lastFunction":0,"lastStatement":6,"seen":{"s:1:28:1:Infinity":0,"s:2:28:2:Infinity":1,"s:4:32:4:Infinity":2,"s:6:35:6:Infinity":3,"s:8:22:12:Infinity":4,"s:14:25:18:Infinity":5}}}
,"C:\\Users\\Umesh\\Projects\\InternshipManagement\\InternshipManagement\\frontend\\src\\index.css": {"path":"C:\\Users\\Umesh\\Projects\\InternshipManagement\\InternshipManagement\\frontend\\src\\index.css","statementMap":{},"fnMap":{},"branchMap":{},"s":{},"f":{},"b":{},"meta":{"lastBranch":0,"lastFunction":0,"lastStatement":0,"seen":{}}}
,"C:\\Users\\Umesh\\Projects\\InternshipManagement\\InternshipManagement\\frontend\\src\\assets\\react.svg": {"path":"C:\\Users\\Umesh\\Projects\\InternshipManagement\\InternshipManagement\\frontend\\src\\assets\\react.svg","statementMap":{},"fnMap":{},"branchMap":{},"s":{},"f":{},"b":{},"meta":{"lastBranch":0,"lastFunction":0,"lastStatement":0,"seen":{}}}
,"C:\\Users\\Umesh\\Projects\\InternshipManagement\\InternshipManagement\\frontend\\src\\components\\DataTable.tsx": {"path":"C:\\Users\\Umesh\\Projects\\InternshipManagement\\InternshipManagement\\frontend\\src\\components\\DataTable.tsx","statementMap":{"0":{"start":{"line":18,"column":2},"end":{"line":18,"column":null}},"1":{"start":{"line":19,"column":8},"end":{"line":23,"column":null}},"2":{"start":{"line":25,"column":2},"end":{"line":71,"column":null}},"3":{"start":{"line":30,"column":12},"end":{"line":36,"column":null}},"4":{"start":{"line":32,"column":16},"end":{"line":34,"column":null}},"5":{"start":{"line":54,"column":14},"end":{"line":66,"column":null}},"6":{"start":{"line":62,"column":18},"end":{"line":64,"column":null}}},"fnMap":{"0":{"name":"DataTable","decl":{"start":{"line":12,"column":16},"end":{"line":12,"column":33}},"loc":{"start":{"line":17,"column":26},"end":{"line":73,"column":null}},"line":17},"1":{"name":"(anonymous_1)","decl":{"start":{"line":29,"column":39},"end":{"line":29,"column":null}},"loc":{"start":{"line":30,"column":12},"end":{"line":36,"column":null}},"line":30},"2":{"name":"(anonymous_2)","decl":{"start":{"line":31,"column":30},"end":{"line":31,"column":null}},"loc":{"start":{"line":32,"column":16},"end":{"line":34,"column":null}},"line":32},"3":{"name":"(anonymous_3)","decl":{"start":{"line":53,"column":41},"end":{"line":53,"column":42}},"loc":{"start":{"line":54,"column":14},"end":{"line":66,"column":null}},"line":54},"4":{"name":"(anonymous_4)","decl":{"start":{"line":61,"column":43},"end":{"line":61,"column":null}},"loc":{"start":{"line":62,"column":18},"end":{"line":64,"column":null}},"line":62}},"branchMap":{"0":{"loc":{"start":{"line":16,"column":2},"end":{"line":16,"column":null}},"type":"default-arg","locations":[{"start":{"line":16,"column":17},"end":{"line":16,"column":null}}],"line":16},"1":{"loc":{"start":{"line":33,"column":19},"end":{"line":33,"column":null}},"type":"cond-expr","locations":[{"start":{"line":33,"column":37},"end":{"line":33,"column":44}},{"start":{"line":33,"column":37},"end":{"line":33,"column":null}}],"line":33},"2":{"loc":{"start":{"line":40,"column":11},"end":{"line":67,"column":null}},"type":"cond-expr","locations":[{"start":{"line":41,"column":12},"end":{"line":45,"column":null}},{"start":{"line":46,"column":14},"end":{"line":67,"column":null}}],"line":40},"3":{"loc":{"start":{"line":46,"column":14},"end":{"line":67,"column":null}},"type":"cond-expr","locations":[{"start":{"line":47,"column":12},"end":{"line":51,"column":null}},{"start":{"line":53,"column":12},"end":{"line":67,"column":null}}],"line":46},"4":{"loc":{"start":{"line":58,"column":18},"end":{"line":58,"column":null}},"type":"cond-expr","locations":[{"start":{"line":58,"column":32},"end":{"line":58,"column":50}},{"start":{"line":58,"column":50},"end":{"line":58,"column":null}}],"line":58}},"s":{"0":6,"1":6,"2":6,"3":6,"4":12,"5":4,"6":8},"f":{"0":6,"1":6,"2":12,"3":4,"4":8},"b":{"0":[6],"1":[0,12],"2":[2,4],"3":[2,2],"4":[2,2]},"meta":{"lastBranch":5,"lastFunction":5,"lastStatement":7,"seen":{"f:12:16:12:33":0,"b:16:17:16:Infinity":0,"s:18:2:18:Infinity":0,"s:19:8:23:Infinity":1,"s:25:2:71:Infinity":2,"f:29:39:29:Infinity":1,"s:30:12:36:Infinity":3,"f:31:30:31:Infinity":2,"s:32:16:34:Infinity":4,"b:33:37:33:44:33:37:33:Infinity":1,"b:41:12:45:Infinity:46:14:67:Infinity":2,"b:47:12:51:Infinity:53:12:67:Infinity":3,"f:53:41:53:42":3,"s:54:14:66:Infinity":5,"b:58:32:58:50:58:50:58:Infinity":4,"f:61:43:61:Infinity":4,"s:62:18:64:Infinity":6}}}
,"C:\\Users\\Umesh\\Projects\\InternshipManagement\\InternshipManagement\\frontend\\src\\components\\ErrorBoundary.tsx": {"path":"C:\\Users\\Umesh\\Projects\\InternshipManagement\\InternshipManagement\\frontend\\src\\components\\ErrorBoundary.tsx","statementMap":{"0":{"start":{"line":15,"column":17},"end":{"line":15,"column":null}},"1":{"start":{"line":18,"column":20},"end":{"line":18,"column":null}},"2":{"start":{"line":19,"column":4},"end":{"line":19,"column":null}},"3":{"start":{"line":23,"column":4},"end":{"line":23,"column":null}},"4":{"start":{"line":27,"column":4},"end":{"line":40,"column":null}},"5":{"start":{"line":28,"column":6},"end":{"line":38,"column":null}},"6":{"start":{"line":34,"column":27},"end":{"line":34,"column":null}},"7":{"start":{"line":41,"column":4},"end":{"line":41,"column":null}}},"fnMap":{"0":{"name":"(anonymous_0)","decl":{"start":{"line":17,"column":9},"end":{"line":17,"column":34}},"loc":{"start":{"line":17,"column":57},"end":{"line":20,"column":null}},"line":17},"1":{"name":"(anonymous_1)","decl":{"start":{"line":22,"column":2},"end":{"line":22,"column":20}},"loc":{"start":{"line":22,"column":53},"end":{"line":24,"column":null}},"line":22},"2":{"name":"(anonymous_2)","decl":{"start":{"line":26,"column":2},"end":{"line":26,"column":11}},"loc":{"start":{"line":26,"column":11},"end":{"line":42,"column":null}},"line":26},"3":{"name":"(anonymous_3)","decl":{"start":{"line":34,"column":21},"end":{"line":34,"column":27}},"loc":{"start":{"line":34,"column":27},"end":{"line":34,"column":null}},"line":34}},"branchMap":{"0":{"loc":{"start":{"line":18,"column":20},"end":{"line":18,"column":null}},"type":"cond-expr","locations":[{"start":{"line":18,"column":45},"end":{"line":18,"column":61}},{"start":{"line":18,"column":61},"end":{"line":18,"column":null}}],"line":18},"1":{"loc":{"start":{"line":27,"column":4},"end":{"line":40,"column":null}},"type":"if","locations":[{"start":{"line":27,"column":4},"end":{"line":40,"column":null}},{"start":{},"end":{}}],"line":27}},"s":{"0":7,"1":6,"2":6,"3":3,"4":13,"5":6,"6":1,"7":7},"f":{"0":7,"1":3,"2":13,"3":1},"b":{"0":[6,0],"1":[6,7]},"meta":{"lastBranch":2,"lastFunction":4,"lastStatement":8,"seen":{"s:15:17:15:Infinity":0,"f:17:9:17:34":0,"s:18:20:18:Infinity":1,"b:18:45:18:61:18:61:18:Infinity":0,"s:19:4:19:Infinity":2,"f:22:2:22:20":1,"s:23:4:23:Infinity":3,"f:26:2:26:11":2,"b:27:4:40:Infinity:undefined:undefined:undefined:undefined":1,"s:27:4:40:Infinity":4,"s:28:6:38:Infinity":5,"f:34:21:34:27":3,"s:34:27:34:Infinity":6,"s:41:4:41:Infinity":7}}}
,"C:\\Users\\Umesh\\Projects\\InternshipManagement\\InternshipManagement\\frontend\\src\\components\\ui\\button.tsx": {"path":"C:\\Users\\Umesh\\Projects\\InternshipManagement\\InternshipManagement\\frontend\\src\\components\\ui\\button.tsx","statementMap":{"0":{"start":{"line":6,"column":6},"end":{"line":41,"column":null}},"1":{"start":{"line":49,"column":2},"end":{"line":54,"column":null}}},"fnMap":{"0":{"name":"Button","decl":{"start":{"line":43,"column":9},"end":{"line":43,"column":16}},"loc":{"start":{"line":48,"column":64},"end":{"line":56,"column":null}},"line":48}},"branchMap":{"0":{"loc":{"start":{"line":45,"column":2},"end":{"line":45,"column":null}},"type":"default-arg","locations":[{"start":{"line":45,"column":12},"end":{"line":45,"column":null}}],"line":45},"1":{"loc":{"start":{"line":46,"column":2},"end":{"line":46,"column":null}},"type":"default-arg","locations":[{"start":{"line":46,"column":9},"end":{"line":46,"column":null}}],"line":46}},"s":{"0":1,"1":22},"f":{"0":22},"b":{"0":[22],"1":[22]},"meta":{"lastBranch":2,"lastFunction":1,"lastStatement":2,"seen":{"s:6:6:41:Infinity":0,"f:43:9:43:16":0,"b:45:12:45:Infinity":0,"b:46:9:46:Infinity":1,"s:49:2:54:Infinity":1}}}
,"C:\\Users\\Umesh\\Projects\\InternshipManagement\\InternshipManagement\\frontend\\src\\features\\auth\\LoginPage.tsx": {"path":"C:\\Users\\Umesh\\Projects\\InternshipManagement\\InternshipManagement\\frontend\\src\\features\\auth\\LoginPage.tsx","statementMap":{"0":{"start":{"line":15,"column":8},"end":{"line":15,"column":null}},"1":{"start":{"line":16,"column":8},"end":{"line":16,"column":null}},"2":{"start":{"line":16,"column":38},"end":{"line":16,"column":47}},"3":{"start":{"line":17,"column":24},"end":{"line":17,"column":null}},"4":{"start":{"line":23,"column":2},"end":{"line":23,"column":null}},"5":{"start":{"line":25,"column":19},"end":{"line":34,"column":null}},"6":{"start":{"line":26,"column":4},"end":{"line":26,"column":null}},"7":{"start":{"line":27,"column":4},"end":{"line":33,"column":null}},"8":{"start":{"line":28,"column":18},"end":{"line":28,"column":null}},"9":{"start":{"line":29,"column":6},"end":{"line":29,"column":null}},"10":{"start":{"line":30,"column":6},"end":{"line":30,"column":null}},"11":{"start":{"line":32,"column":6},"end":{"line":32,"column":null}},"12":{"start":{"line":36,"column":2},"end":{"line":85,"column":null}}},"fnMap":{"0":{"name":"LoginPage","decl":{"start":{"line":14,"column":24},"end":{"line":14,"column":36}},"loc":{"start":{"line":14,"column":36},"end":{"line":87,"column":null}},"line":14},"1":{"name":"(anonymous_1)","decl":{"start":{"line":16,"column":31},"end":{"line":16,"column":32}},"loc":{"start":{"line":16,"column":38},"end":{"line":16,"column":47}},"line":16},"2":{"name":"(anonymous_2)","decl":{"start":{"line":25,"column":19},"end":{"line":25,"column":26}},"loc":{"start":{"line":25,"column":47},"end":{"line":34,"column":null}},"line":25}},"branchMap":{"0":{"loc":{"start":{"line":30,"column":15},"end":{"line":30,"column":72}},"type":"cond-expr","locations":[{"start":{"line":30,"column":41},"end":{"line":30,"column":56}},{"start":{"line":30,"column":56},"end":{"line":30,"column":72}}],"line":30},"1":{"loc":{"start":{"line":57,"column":13},"end":{"line":58,"column":null}},"type":"binary-expr","locations":[{"start":{"line":57,"column":13},"end":{"line":57,"column":null}},{"start":{"line":58,"column":14},"end":{"line":58,"column":null}}],"line":57},"2":{"loc":{"start":{"line":73,"column":13},"end":{"line":74,"column":null}},"type":"binary-expr","locations":[{"start":{"line":73,"column":13},"end":{"line":73,"column":null}},{"start":{"line":74,"column":14},"end":{"line":74,"column":null}}],"line":73},"3":{"loc":{"start":{"line":78,"column":11},"end":{"line":78,"column":null}},"type":"binary-expr","locations":[{"start":{"line":78,"column":11},"end":{"line":78,"column":20}},{"start":{"line":78,"column":20},"end":{"line":78,"column":null}}],"line":78},"4":{"loc":{"start":{"line":81,"column":13},"end":{"line":81,"column":null}},"type":"cond-expr","locations":[{"start":{"line":81,"column":28},"end":{"line":81,"column":44}},{"start":{"line":81,"column":44},"end":{"line":81,"column":null}}],"line":81}},"s":{"0":22,"1":22,"2":68,"3":22,"4":22,"5":22,"6":3,"7":3,"8":3,"9":2,"10":2,"11":1,"12":22},"f":{"0":22,"1":68,"2":3},"b":{"0":[1,1],"1":[22,1],"2":[22,2],"3":[22,1],"4":[5,17]},"meta":{"lastBranch":5,"lastFunction":3,"lastStatement":13,"seen":{"f:14:24:14:36":0,"s:15:8:15:Infinity":0,"s:16:8:16:Infinity":1,"f:16:31:16:32":1,"s:16:38:16:47":2,"s:17:24:17:Infinity":3,"s:23:2:23:Infinity":4,"s:25:19:34:Infinity":5,"f:25:19:25:26":2,"s:26:4:26:Infinity":6,"s:27:4:33:Infinity":7,"s:28:18:28:Infinity":8,"s:29:6:29:Infinity":9,"s:30:6:30:Infinity":10,"b:30:41:30:56:30:56:30:72":0,"s:32:6:32:Infinity":11,"s:36:2:85:Infinity":12,"b:57:13:57:Infinity:58:14:58:Infinity":1,"b:73:13:73:Infinity:74:14:74:Infinity":2,"b:78:11:78:20:78:20:78:Infinity":3,"b:81:28:81:44:81:44:81:Infinity":4}}}
,"C:\\Users\\Umesh\\Projects\\InternshipManagement\\InternshipManagement\\frontend\\src\\features\\auth\\useAuthStore.ts": {"path":"C:\\Users\\Umesh\\Projects\\InternshipManagement\\InternshipManagement\\frontend\\src\\features\\auth\\useAuthStore.ts","statementMap":{"0":{"start":{"line":21,"column":6},"end":{"line":35,"column":null}},"1":{"start":{"line":23,"column":19},"end":{"line":32,"column":null}},"2":{"start":{"line":26,"column":25},"end":{"line":26,"column":null}},"3":{"start":{"line":27,"column":23},"end":{"line":27,"column":null}},"4":{"start":{"line":29,"column":30},"end":{"line":29,"column":null}},"5":{"start":{"line":30,"column":8},"end":{"line":30,"column":null}}},"fnMap":{"0":{"name":"(anonymous_0)","decl":{"start":{"line":23,"column":4},"end":{"line":23,"column":5}},"loc":{"start":{"line":23,"column":19},"end":{"line":32,"column":null}},"line":23},"1":{"name":"(anonymous_1)","decl":{"start":{"line":26,"column":15},"end":{"line":26,"column":16}},"loc":{"start":{"line":26,"column":25},"end":{"line":26,"column":null}},"line":26},"2":{"name":"(anonymous_2)","decl":{"start":{"line":27,"column":17},"end":{"line":27,"column":23}},"loc":{"start":{"line":27,"column":23},"end":{"line":27,"column":null}},"line":27},"3":{"name":"(anonymous_3)","decl":{"start":{"line":28,"column":17},"end":{"line":28,"column":23}},"loc":{"start":{"line":28,"column":23},"end":{"line":31,"column":null}},"line":28}},"branchMap":{"0":{"loc":{"start":{"line":30,"column":15},"end":{"line":30,"column":null}},"type":"binary-expr","locations":[{"start":{"line":30,"column":15},"end":{"line":30,"column":29}},{"start":{"line":30,"column":29},"end":{"line":30,"column":null}}],"line":30}},"s":{"0":3,"1":3,"2":11,"3":20,"4":6,"5":6},"f":{"0":3,"1":11,"2":20,"3":6},"b":{"0":[6,5]},"meta":{"lastBranch":1,"lastFunction":4,"lastStatement":6,"seen":{"s:21:6:35:Infinity":0,"f:23:4:23:5":0,"s:23:19:32:Infinity":1,"f:26:15:26:16":1,"s:26:25:26:Infinity":2,"f:27:17:27:23":2,"s:27:23:27:Infinity":3,"f:28:17:28:23":3,"s:29:30:29:Infinity":4,"s:30:8:30:Infinity":5,"b:30:15:30:29:30:29:30:Infinity":0}}}
,"C:\\Users\\Umesh\\Projects\\InternshipManagement\\InternshipManagement\\frontend\\src\\hooks\\usePdfDownload.ts": {"path":"C:\\Users\\Umesh\\Projects\\InternshipManagement\\InternshipManagement\\frontend\\src\\hooks\\usePdfDownload.ts","statementMap":{"0":{"start":{"line":5,"column":40},"end":{"line":5,"column":null}},"1":{"start":{"line":11,"column":4},"end":{"line":11,"column":null}},"2":{"start":{"line":12,"column":4},"end":{"line":23,"column":null}},"3":{"start":{"line":13,"column":23},"end":{"line":13,"column":null}},"4":{"start":{"line":14,"column":19},"end":{"line":14,"column":null}},"5":{"start":{"line":15,"column":18},"end":{"line":15,"column":null}},"6":{"start":{"line":16,"column":16},"end":{"line":16,"column":null}},"7":{"start":{"line":17,"column":6},"end":{"line":17,"column":null}},"8":{"start":{"line":18,"column":6},"end":{"line":18,"column":null}},"9":{"start":{"line":19,"column":6},"end":{"line":19,"column":null}},"10":{"start":{"line":20,"column":6},"end":{"line":20,"column":null}},"11":{"start":{"line":22,"column":6},"end":{"line":22,"column":null}},"12":{"start":{"line":26,"column":2},"end":{"line":26,"column":null}}},"fnMap":{"0":{"name":"usePdfDownload","decl":{"start":{"line":4,"column":16},"end":{"line":4,"column":33}},"loc":{"start":{"line":4,"column":33},"end":{"line":27,"column":null}},"line":4},"1":{"name":"download","decl":{"start":{"line":7,"column":17},"end":{"line":7,"column":null}},"loc":{"start":{"line":10,"column":4},"end":{"line":24,"column":null}},"line":10}},"branchMap":{},"s":{"0":9,"1":4,"2":4,"3":4,"4":3,"5":3,"6":3,"7":3,"8":3,"9":3,"10":3,"11":4,"12":9},"f":{"0":9,"1":4},"b":{},"meta":{"lastBranch":0,"lastFunction":2,"lastStatement":13,"seen":{"f:4:16:4:33":0,"s:5:40:5:Infinity":0,"f:7:17:7:Infinity":1,"s:11:4:11:Infinity":1,"s:12:4:23:Infinity":2,"s:13:23:13:Infinity":3,"s:14:19:14:Infinity":4,"s:15:18:15:Infinity":5,"s:16:16:16:Infinity":6,"s:17:6:17:Infinity":7,"s:18:6:18:Infinity":8,"s:19:6:19:Infinity":9,"s:20:6:20:Infinity":10,"s:22:6:22:Infinity":11,"s:26:2:26:Infinity":12}}}
,"C:\\Users\\Umesh\\Projects\\InternshipManagement\\InternshipManagement\\frontend\\src\\lib\\utils.ts": {"path":"C:\\Users\\Umesh\\Projects\\InternshipManagement\\InternshipManagement\\frontend\\src\\lib\\utils.ts","statementMap":{"0":{"start":{"line":5,"column":2},"end":{"line":5,"column":null}}},"fnMap":{"0":{"name":"cn","decl":{"start":{"line":4,"column":16},"end":{"line":4,"column":22}},"loc":{"start":{"line":4,"column":44},"end":{"line":6,"column":null}},"line":4}},"branchMap":{},"s":{"0":32},"f":{"0":32},"b":{},"meta":{"lastBranch":0,"lastFunction":1,"lastStatement":1,"seen":{"f:4:16:4:22":0,"s:5:2:5:Infinity":0}}}
}
