-------------------------------------------------------------------------------
Test set: ca.uwindsor.ims.dao.impl.SkillDaoImplTest
-------------------------------------------------------------------------------
Tests run: 2, Failures: 1, Errors: 1, Skipped: 0, Time elapsed: 8.386 s <<< FAILURE! -- in ca.uwindsor.ims.dao.impl.SkillDaoImplTest
ca.uwindsor.ims.dao.impl.SkillDaoImplTest.getskilllist_ShouldReturnAllSkills -- Time elapsed: 1.144 s <<< FAILURE!
java.lang.AssertionError: 

Expected size: 3 but was: 0 in:
[]
	at ca.uwindsor.ims.dao.impl.SkillDaoImplTest.getskilllist_ShouldReturnAllSkills(SkillDaoImplTest.java:25)
	at java.base/java.lang.reflect.Method.invoke(Method.java:580)
	at java.base/java.util.ArrayList.forEach(ArrayList.java:1596)
	at java.base/java.util.ArrayList.forEach(ArrayList.java:1596)

ca.uwindsor.ims.dao.impl.SkillDaoImplTest.saveSkill_ShouldPersistNewSkill -- Time elapsed: 0.083 s <<< ERROR!
ca.uwindsor.ims.exception.DatabaseException: Error saving skill
	at ca.uwindsor.ims.dao.impl.SkillDaoImpl.saveSkill(SkillDaoImpl.java:126)
	at java.base/jdk.internal.reflect.DirectMethodHandleAccessor.invoke(DirectMethodHandleAccessor.java:103)
	at java.base/java.lang.reflect.Method.invoke(Method.java:580)
	at org.springframework.aop.support.AopUtils.invokeJoinpointUsingReflection(AopUtils.java:351)
	at org.springframework.aop.framework.ReflectiveMethodInvocation.invokeJoinpoint(ReflectiveMethodInvocation.java:196)
	at org.springframework.aop.framework.ReflectiveMethodInvocation.proceed(ReflectiveMethodInvocation.java:163)
	at org.springframework.aop.framework.CglibAopProxy$CglibMethodInvocation.proceed(CglibAopProxy.java:765)
	at org.springframework.dao.support.PersistenceExceptionTranslationInterceptor.invoke(PersistenceExceptionTranslationInterceptor.java:137)
	at org.springframework.aop.framework.ReflectiveMethodInvocation.proceed(ReflectiveMethodInvocation.java:184)
	at org.springframework.aop.framework.CglibAopProxy$CglibMethodInvocation.proceed(CglibAopProxy.java:765)
	at org.springframework.transaction.interceptor.TransactionInterceptor$1.proceedWithInvocation(TransactionInterceptor.java:123)
	at org.springframework.transaction.interceptor.TransactionAspectSupport.invokeWithinTransaction(TransactionAspectSupport.java:385)
	at org.springframework.transaction.interceptor.TransactionInterceptor.invoke(TransactionInterceptor.java:119)
	at org.springframework.aop.framework.ReflectiveMethodInvocation.proceed(ReflectiveMethodInvocation.java:184)
	at org.springframework.aop.framework.CglibAopProxy$CglibMethodInvocation.proceed(CglibAopProxy.java:765)
	at org.springframework.aop.framework.CglibAopProxy$DynamicAdvisedInterceptor.intercept(CglibAopProxy.java:717)
	at ca.uwindsor.ims.dao.impl.SkillDaoImpl$$SpringCGLIB$$0.saveSkill(<generated>)
	at ca.uwindsor.ims.dao.impl.SkillDaoImplTest.saveSkill_ShouldPersistNewSkill(SkillDaoImplTest.java:40)
	at java.base/java.lang.reflect.Method.invoke(Method.java:580)
	at java.base/java.util.ArrayList.forEach(ArrayList.java:1596)
	at java.base/java.util.ArrayList.forEach(ArrayList.java:1596)
Caused by: org.hibernate.PropertyAccessException: Could not set value of type [java.lang.Integer]: 'ca.uwindsor.ims.model.SkillBo.skillId' (setter)
	at org.hibernate.property.access.spi.SetterFieldImpl.set(SetterFieldImpl.java:88)
	at org.hibernate.metamodel.mapping.internal.BasicEntityIdentifierMappingImpl.setIdentifier(BasicEntityIdentifierMappingImpl.java:163)
	at org.hibernate.persister.entity.AbstractEntityPersister.setIdentifier(AbstractEntityPersister.java:4564)
	at org.hibernate.action.internal.EntityIdentityInsertAction.execute(EntityIdentityInsertAction.java:87)
	at org.hibernate.engine.spi.ActionQueue.execute(ActionQueue.java:670)
	at org.hibernate.engine.spi.ActionQueue.addResolvedEntityInsertAction(ActionQueue.java:291)
	at org.hibernate.engine.spi.ActionQueue.addInsertAction(ActionQueue.java:272)
	at org.hibernate.engine.spi.ActionQueue.addAction(ActionQueue.java:322)
	at org.hibernate.event.internal.AbstractSaveEventListener.addInsertAction(AbstractSaveEventListener.java:386)
	at org.hibernate.event.internal.AbstractSaveEventListener.performSaveOrReplicate(AbstractSaveEventListener.java:300)
	at org.hibernate.event.internal.AbstractSaveEventListener.performSave(AbstractSaveEventListener.java:219)
	at org.hibernate.event.internal.AbstractSaveEventListener.saveWithGeneratedId(AbstractSaveEventListener.java:134)
	at org.hibernate.event.internal.DefaultPersistEventListener.entityIsTransient(DefaultPersistEventListener.java:175)
	at org.hibernate.event.internal.DefaultPersistEventListener.persist(DefaultPersistEventListener.java:93)
	at org.hibernate.event.internal.DefaultPersistEventListener.onPersist(DefaultPersistEventListener.java:77)
	at org.hibernate.event.internal.DefaultPersistEventListener.onPersist(DefaultPersistEventListener.java:54)
	at org.hibernate.event.service.internal.EventListenerGroupImpl.fireEventOnEachListener(EventListenerGroupImpl.java:127)
	at org.hibernate.internal.SessionImpl.firePersist(SessionImpl.java:754)
	at org.hibernate.internal.SessionImpl.persist(SessionImpl.java:738)
	at java.base/jdk.internal.reflect.DirectMethodHandleAccessor.invoke(DirectMethodHandleAccessor.java:103)
	at java.base/java.lang.reflect.Method.invoke(Method.java:580)
	at org.springframework.orm.jpa.SharedEntityManagerCreator$SharedEntityManagerInvocationHandler.invoke(SharedEntityManagerCreator.java:319)
	at jdk.proxy2/jdk.proxy2.$Proxy117.persist(Unknown Source)
	at ca.uwindsor.ims.dao.impl.SkillDaoImpl.saveSkill(SkillDaoImpl.java:122)
	... 20 more
Caused by: java.lang.IllegalAccessException: Can not set final int field ca.uwindsor.ims.model.SkillBo.skillId to java.lang.Integer
	at java.base/jdk.internal.reflect.FieldAccessorImpl.throwFinalFieldIllegalAccessException(FieldAccessorImpl.java:137)
	at java.base/jdk.internal.reflect.FieldAccessorImpl.throwFinalFieldIllegalAccessException(FieldAccessorImpl.java:141)
	at java.base/jdk.internal.reflect.MethodHandleIntegerFieldAccessorImpl.set(MethodHandleIntegerFieldAccessorImpl.java:107)
	at java.base/java.lang.reflect.Field.set(Field.java:836)
	at org.hibernate.property.access.spi.SetterFieldImpl.set(SetterFieldImpl.java:57)
	... 43 more

