<?xml version="1.0" encoding="UTF-8"?>
<testsuite xmlns:xsi="http://www.w3.org/2001/XMLSchema-instance" xsi:noNamespaceSchemaLocation="https://maven.apache.org/surefire/maven-surefire-plugin/xsd/surefire-test-report-3.0.xsd" version="3.0" name="ca.uwindsor.ims.model.SkillBoTest" time="1.282" tests="4" errors="0" skipped="0" failures="0">
  <properties>
[...]
</properties>
  <testcase name="testCreateMethod" classname="ca.uwindsor.ims.model.SkillBoTest" time="0.016">
    <system-out><![CDATA[2025-02-16 22:39:33.555  INFO Umesh --- [           main] t.c.s.AnnotationConfigContextLoaderUtils : Could not detect default configuration classes for test class [ca.uwindsor.ims.model.SkillBoTest]: SkillBoTest does not declare any static, non-private, non-final, nested classes annotated with @Configuration.
2025-02-16 22:39:33.595  INFO Umesh --- [           main] .b.t.c.SpringBootTestContextBootstrapper : Found @SpringBootConfiguration ca.uwindsor.ims.InternshipManagementApplication for test class ca.uwindsor.ims.model.SkillBoTest

  .   ____          _            __ _ _
 /\\ / ___'_ __ _ _(_)_ __  __ _ \ \ \ \
( ( )\___ | '_ | '_| | '_ \/ _` | \ \ \ \
 \\/  ___)| |_)| | | | | || (_| |  ) ) ) )
  '  |____| .__|_| |_|_| |_\__, | / / / /
 =========|_|==============|___/=/_/_/_/
 :: Spring Boot ::                (v3.2.3)

2025-02-16 22:39:33.637  INFO Umesh --- [           main] c.u.i.m.SkillBoTest                      : Starting SkillBoTest using Java 21.0.2 with PID 5592 (started by umesh in C:\Users\umesh\VS code\internship\InternshipManagement)
2025-02-16 22:39:33.638 DEBUG Umesh --- [           main] c.u.i.m.SkillBoTest                      : Running with Spring Boot v3.2.3, Spring v6.1.4
2025-02-16 22:39:33.638  INFO Umesh --- [           main] c.u.i.m.SkillBoTest                      : The following 1 profile is active: "test"
2025-02-16 22:39:33.981  INFO Umesh --- [           main] .s.d.r.c.RepositoryConfigurationDelegate : Bootstrapping Spring Data JPA repositories in DEFAULT mode.
2025-02-16 22:39:34.003  INFO Umesh --- [           main] .s.d.r.c.RepositoryConfigurationDelegate : Finished Spring Data repository scanning in 21 ms. Found 0 JPA repository interfaces.
2025-02-16 22:39:34.261  INFO Umesh --- [           main] o.h.j.i.u.LogHelper                      : HHH000204: Processing PersistenceUnitInfo [name: default]
2025-02-16 22:39:34.269  INFO Umesh --- [           main] o.h.c.i.RegionFactoryInitiator           : HHH000026: Second-level cache disabled
2025-02-16 22:39:34.280  INFO Umesh --- [           main] o.s.o.j.p.SpringPersistenceUnitInfo      : No LoadTimeWeaver setup: ignoring JPA class transformer
2025-02-16 22:39:34.289  WARN Umesh --- [           main] o.h.o.deprecation                        : HHH90000025: H2Dialect does not need to be specified explicitly using 'hibernate.dialect' (remove the property setting and it will be selected by default)
2025-02-16 22:39:34.510  INFO Umesh --- [           main] o.h.e.t.j.p.i.JtaPlatformInitiator       : HHH000489: No JTA platform available (set 'hibernate.transaction.jta.platform' to enable JTA platform integration)
2025-02-16 22:39:34.510  INFO Umesh --- [           main] j.LocalContainerEntityManagerFactoryBean : Initialized JPA EntityManagerFactory for persistence unit 'default'
2025-02-16 22:39:34.584  WARN Umesh --- [           main] JpaBaseConfiguration$JpaWebConfiguration : spring.jpa.open-in-view is enabled by default. Therefore, database queries may be performed during view rendering. Explicitly configure spring.jpa.open-in-view to disable this warning
2025-02-16 22:39:34.728  INFO Umesh --- [           main] o.s.b.a.h.H2ConsoleAutoConfiguration     : H2 console available at '/h2-console '. Database available at 'jdbc:h2:mem:testdb'
2025-02-16 22:39:34.767  INFO Umesh --- [           main] o.s.s.w.DefaultSecurityFilterChain       : Will secure any request with [org.springframework.security.web.session.DisableEncodeUrlFilter@3bb7f2e8, org.springframework.security.web.context.request.async.WebAsyncManagerIntegrationFilter@20a561f8, org.springframework.security.web.context.SecurityContextHolderFilter@6975f167, org.springframework.security.web.header.HeaderWriterFilter@70e75ffa, org.springframework.web.filter.CorsFilter@5bbdb22b, org.springframework.security.web.csrf.CsrfFilter@24314943, org.springframework.security.web.authentication.logout.LogoutFilter@732f3b2f, org.springframework.security.web.authentication.UsernamePasswordAuthenticationFilter@7e80bc63, org.springframework.security.web.authentication.ui.DefaultLoginPageGeneratingFilter@74c40813, org.springframework.security.web.authentication.ui.DefaultLogoutPageGeneratingFilter@4f631d7d, org.springframework.security.web.authentication.www.BasicAuthenticationFilter@747c06df, org.springframework.security.web.savedrequest.RequestCacheAwareFilter@47a0d65b, org.springframework.security.web.servletapi.SecurityContextHolderAwareRequestFilter@3e1688a4, org.springframework.security.web.authentication.AnonymousAuthenticationFilter@4b4786cb, org.springframework.security.web.access.ExceptionTranslationFilter@65039982, org.springframework.security.web.access.intercept.AuthorizationFilter@2da6d5eb]
2025-02-16 22:39:34.794  INFO Umesh --- [           main] c.u.i.m.SkillBoTest                      : Started SkillBoTest in 1.193 seconds (process running for 18.103)
]]></system-out>
  </testcase>
  <testcase name="testParameterizedConstructor" classname="ca.uwindsor.ims.model.SkillBoTest" time="0.004"/>
  <testcase name="testSettersAndGetters" classname="ca.uwindsor.ims.model.SkillBoTest" time="0.005"/>
  <testcase name="testDefaultConstructor" classname="ca.uwindsor.ims.model.SkillBoTest" time="0.006"/>
</testsuite>