<?xml version="1.0" encoding="UTF-8"?>
<testsuite xmlns:xsi="http://www.w3.org/2001/XMLSchema-instance" xsi:noNamespaceSchemaLocation="https://maven.apache.org/surefire/maven-surefire-plugin/xsd/surefire-test-report-3.0.xsd" version="3.0" name="ca.uwindsor.ims.dao.impl.SkillDaoImplTest" time="8.386" tests="2" errors="1" skipped="0" failures="1">
  <properties>
[...]
</properties>
  <testcase name="getskilllist_ShouldReturnAllSkills" classname="ca.uwindsor.ims.dao.impl.SkillDaoImplTest" time="1.144">
    <failure message="&#10;Expected size: 3 but was: 0 in:&#10;[]" type="java.lang.AssertionError"><![CDATA[java.lang.AssertionError: 

Expected size: 3 but was: 0 in:
[]
	at ca.uwindsor.ims.dao.impl.SkillDaoImplTest.getskilllist_ShouldReturnAllSkills(SkillDaoImplTest.java:25)
	at java.base/java.lang.reflect.Method.invoke(Method.java:580)
	at java.base/java.util.ArrayList.forEach(ArrayList.java:1596)
	at java.base/java.util.ArrayList.forEach(ArrayList.java:1596)
]]></failure>
    <system-out><![CDATA[2025-02-16T16:07:07.972-05:00  INFO 14952 --- [           main] t.c.s.AnnotationConfigContextLoaderUtils : Could not detect default configuration classes for test class [ca.uwindsor.ims.dao.impl.SkillDaoImplTest]: SkillDaoImplTest does not declare any static, non-private, non-final, nested classes annotated with @Configuration.
2025-02-16T16:07:07.975-05:00  INFO 14952 --- [           main] .b.t.c.SpringBootTestContextBootstrapper : Found @SpringBootConfiguration ca.uwindsor.ims.InternshipManagementApplication for test class ca.uwindsor.ims.dao.impl.SkillDaoImplTest

  .   ____          _            __ _ _
 /\\ / ___'_ __ _ _(_)_ __  __ _ \ \ \ \
( ( )\___ | '_ | '_| | '_ \/ _` | \ \ \ \
 \\/  ___)| |_)| | | | | || (_| |  ) ) ) )
  '  |____| .__|_| |_|_| |_\__, | / / / /
 =========|_|==============|___/=/_/_/_/
 :: Spring Boot ::                (v3.2.3)

2025-02-16T16:07:08.040-05:00  INFO 14952 --- [           main] c.u.ims.dao.impl.SkillDaoImplTest        : Starting SkillDaoImplTest using Java 21.0.2 with PID 14952 (started by umesh in C:\Users\umesh\VS code\internship\InternshipManagement)
2025-02-16T16:07:08.040-05:00 DEBUG 14952 --- [           main] c.u.ims.dao.impl.SkillDaoImplTest        : Running with Spring Boot v3.2.3, Spring v6.1.4
2025-02-16T16:07:08.040-05:00  INFO 14952 --- [           main] c.u.ims.dao.impl.SkillDaoImplTest        : The following 1 profile is active: "test"
2025-02-16T16:07:08.461-05:00  INFO 14952 --- [           main] .s.d.r.c.RepositoryConfigurationDelegate : Bootstrapping Spring Data JPA repositories in DEFAULT mode.
2025-02-16T16:07:08.481-05:00  INFO 14952 --- [           main] .s.d.r.c.RepositoryConfigurationDelegate : Finished Spring Data repository scanning in 18 ms. Found 0 JPA repository interfaces.
2025-02-16T16:07:08.613-05:00  INFO 14952 --- [           main] com.zaxxer.hikari.HikariDataSource       : HikariPool-1 - Starting...
2025-02-16T16:07:08.638-05:00  INFO 14952 --- [           main] com.zaxxer.hikari.pool.HikariPool        : HikariPool-1 - Added connection conn4: url=jdbc:h2:mem:testdb user=SA
2025-02-16T16:07:08.642-05:00  INFO 14952 --- [           main] com.zaxxer.hikari.HikariDataSource       : HikariPool-1 - Start completed.
2025-02-16T16:07:08.848-05:00  INFO 14952 --- [           main] o.hibernate.jpa.internal.util.LogHelper  : HHH000204: Processing PersistenceUnitInfo [name: default]
2025-02-16T16:07:08.998-05:00  INFO 14952 --- [           main] org.hibernate.Version                    : HHH000412: Hibernate ORM core version 6.4.2.Final
2025-02-16T16:07:09.118-05:00  INFO 14952 --- [           main] o.h.c.internal.RegionFactoryInitiator    : HHH000026: Second-level cache disabled
2025-02-16T16:07:09.579-05:00  INFO 14952 --- [           main] o.s.o.j.p.SpringPersistenceUnitInfo      : No LoadTimeWeaver setup: ignoring JPA class transformer
2025-02-16T16:07:09.684-05:00  WARN 14952 --- [           main] org.hibernate.orm.deprecation            : HHH90000025: H2Dialect does not need to be specified explicitly using 'hibernate.dialect' (remove the property setting and it will be selected by default)
2025-02-16T16:07:10.702-05:00  INFO 14952 --- [           main] o.h.m.i.EntityInstantiatorPojoStandard   : HHH000182: No default (no-argument) constructor for class: ca.uwindsor.ims.model.SkillBo (class must be instantiated by Interceptor)
2025-02-16T16:07:11.444-05:00  INFO 14952 --- [           main] o.h.e.t.j.p.i.JtaPlatformInitiator       : HHH000489: No JTA platform available (set 'hibernate.transaction.jta.platform' to enable JTA platform integration)
2025-02-16T16:07:11.496-05:00 DEBUG 14952 --- [           main] org.hibernate.SQL                        : 
    drop table if exists skill cascade 
Hibernate: 
    drop table if exists skill cascade 
2025-02-16T16:07:11.502-05:00 DEBUG 14952 --- [           main] org.hibernate.SQL                        : 
    drop table if exists student_login cascade 
Hibernate: 
    drop table if exists student_login cascade 
2025-02-16T16:07:11.503-05:00 DEBUG 14952 --- [           main] org.hibernate.SQL                        : 
    drop table if exists student_skill cascade 
Hibernate: 
    drop table if exists student_skill cascade 
2025-02-16T16:07:11.505-05:00 DEBUG 14952 --- [           main] org.hibernate.SQL                        : 
    drop table if exists vbct_login cascade 
Hibernate: 
    drop table if exists vbct_login cascade 
2025-02-16T16:07:11.517-05:00 DEBUG 14952 --- [           main] org.hibernate.SQL                        : 
    create table skill (
        skill_id integer generated by default as identity,
        skill_name varchar(255),
        skill_type varchar(255),
        primary key (skill_id)
    )
Hibernate: 
    create table skill (
        skill_id integer generated by default as identity,
        skill_name varchar(255),
        skill_type varchar(255),
        primary key (skill_id)
    )
2025-02-16T16:07:11.529-05:00 DEBUG 14952 --- [           main] org.hibernate.SQL                        : 
    create table student_login (
        login_id integer not null,
        student_id integer not null,
        flag varchar(255),
        pwd varchar(255),
        user_type varchar(255),
        username varchar(255),
        primary key (login_id)
    )
Hibernate: 
    create table student_login (
        login_id integer not null,
        student_id integer not null,
        flag varchar(255),
        pwd varchar(255),
        user_type varchar(255),
        username varchar(255),
        primary key (login_id)
    )
2025-02-16T16:07:11.533-05:00 DEBUG 14952 --- [           main] org.hibernate.SQL                        : 
    create table student_skill (
        skill_id integer,
        student_id integer,
        student_skill_id integer generated by default as identity,
        skill_name varchar(255),
        primary key (student_skill_id)
    )
Hibernate: 
    create table student_skill (
        skill_id integer,
        student_id integer,
        student_skill_id integer generated by default as identity,
        skill_name varchar(255),
        primary key (student_skill_id)
    )
2025-02-16T16:07:11.538-05:00 DEBUG 14952 --- [           main] org.hibernate.SQL                        : 
    create table vbct_login (
        crt_dt timestamp(6),
        login_endtime timestamp(6),
        login_starttime timestamp(6),
        lst_pswd_upd_dt timestamp(6),
        lst_upd_dt timestamp(6),
        pswd_expire_dt timestamp(6),
        service_expiry_dt timestamp(6),
        crt_usr varchar(255),
        dob varchar(255),
        dsgn_id varchar(255),
        email_id varchar(255),
        first_name varchar(255),
        forgot_pwd varchar(255),
        frst_login_flg varchar(255),
        ipaddr varchar(255),
        lang_id varchar(255),
        last_name varchar(255),
        login_id varchar(255) not null,
        login_name varchar(255),
        login_password varchar(255),
        lst_upd_usr varchar(255),
        middle_name varchar(255),
        phone_no varchar(255),
        service_flg varchar(255),
        primary key (login_id)
    )
Hibernate: 
    create table vbct_login (
        crt_dt timestamp(6),
        login_endtime timestamp(6),
        login_starttime timestamp(6),
        lst_pswd_upd_dt timestamp(6),
        lst_upd_dt timestamp(6),
        pswd_expire_dt timestamp(6),
        service_expiry_dt timestamp(6),
        crt_usr varchar(255),
        dob varchar(255),
        dsgn_id varchar(255),
        email_id varchar(255),
        first_name varchar(255),
        forgot_pwd varchar(255),
        frst_login_flg varchar(255),
        ipaddr varchar(255),
        lang_id varchar(255),
        last_name varchar(255),
        login_id varchar(255) not null,
        login_name varchar(255),
        login_password varchar(255),
        lst_upd_usr varchar(255),
        middle_name varchar(255),
        phone_no varchar(255),
        service_flg varchar(255),
        primary key (login_id)
    )
2025-02-16T16:07:11.549-05:00  INFO 14952 --- [           main] j.LocalContainerEntityManagerFactoryBean : Initialized JPA EntityManagerFactory for persistence unit 'default'
2025-02-16T16:07:13.774-05:00  WARN 14952 --- [           main] JpaBaseConfiguration$JpaWebConfiguration : spring.jpa.open-in-view is enabled by default. Therefore, database queries may be performed during view rendering. Explicitly configure spring.jpa.open-in-view to disable this warning
2025-02-16T16:07:14.733-05:00  INFO 14952 --- [           main] o.s.b.a.h2.H2ConsoleAutoConfiguration    : H2 console available at '/h2-console '. Database available at 'jdbc:h2:mem:testdb'
2025-02-16T16:07:15.019-05:00  INFO 14952 --- [           main] o.s.s.web.DefaultSecurityFilterChain     : Will secure any request with [org.springframework.security.web.session.DisableEncodeUrlFilter@318f47f1, org.springframework.security.web.context.request.async.WebAsyncManagerIntegrationFilter@900ffc4, org.springframework.security.web.context.SecurityContextHolderFilter@650d5a3d, org.springframework.security.web.header.HeaderWriterFilter@608b74f3, org.springframework.web.filter.CorsFilter@39d44217, org.springframework.security.web.csrf.CsrfFilter@7927209f, org.springframework.security.web.authentication.logout.LogoutFilter@25f67aea, org.springframework.security.web.authentication.UsernamePasswordAuthenticationFilter@73ab649f, org.springframework.security.web.authentication.ui.DefaultLoginPageGeneratingFilter@137a9d69, org.springframework.security.web.authentication.ui.DefaultLogoutPageGeneratingFilter@3280a79a, org.springframework.security.web.authentication.www.BasicAuthenticationFilter@63bb719d, org.springframework.security.web.savedrequest.RequestCacheAwareFilter@7040d71, org.springframework.security.web.servletapi.SecurityContextHolderAwareRequestFilter@2553fbd0, org.springframework.security.web.authentication.AnonymousAuthenticationFilter@79fbcef4, org.springframework.security.web.access.ExceptionTranslationFilter@6a35cccf, org.springframework.security.web.access.intercept.AuthorizationFilter@12f32f99]
2025-02-16T16:07:15.081-05:00  INFO 14952 --- [           main] c.u.ims.dao.impl.SkillDaoImplTest        : Started SkillDaoImplTest in 7.099 seconds (process running for 13.231)
2025-02-16T16:07:15.990-05:00  INFO 14952 --- [           main] ca.uwindsor.ims.dao.impl.SkillDaoImpl    : START
2025-02-16T16:07:16.130-05:00 DEBUG 14952 --- [           main] org.hibernate.SQL                        : 
    select
        sb1_0.skill_id,
        sb1_0.skill_name,
        sb1_0.skill_type 
    from
        skill sb1_0
Hibernate: 
    select
        sb1_0.skill_id,
        sb1_0.skill_name,
        sb1_0.skill_type 
    from
        skill sb1_0
2025-02-16T16:07:16.153-05:00  INFO 14952 --- [           main] ca.uwindsor.ims.dao.impl.SkillDaoImpl    : END
]]></system-out>
    <system-err><![CDATA[WARNING: A Java agent has been loaded dynamically (C:\Users\umesh\.m2\repository\net\bytebuddy\byte-buddy-agent\1.14.12\byte-buddy-agent-1.14.12.jar)
WARNING: If a serviceability tool is in use, please run with -XX:+EnableDynamicAgentLoading to hide this warning
WARNING: If a serviceability tool is not in use, please run with -Djdk.instrument.traceUsage for more information
WARNING: Dynamic loading of agents will be disallowed by default in a future release
]]></system-err>
  </testcase>
  <testcase name="saveSkill_ShouldPersistNewSkill" classname="ca.uwindsor.ims.dao.impl.SkillDaoImplTest" time="0.083">
    <error message="Error saving skill" type="ca.uwindsor.ims.exception.DatabaseException"><![CDATA[ca.uwindsor.ims.exception.DatabaseException: Error saving skill
	at ca.uwindsor.ims.dao.impl.SkillDaoImpl.saveSkill(SkillDaoImpl.java:126)
	at java.base/jdk.internal.reflect.DirectMethodHandleAccessor.invoke(DirectMethodHandleAccessor.java:103)
	at java.base/java.lang.reflect.Method.invoke(Method.java:580)
	at org.springframework.aop.support.AopUtils.invokeJoinpointUsingReflection(AopUtils.java:351)
	at org.springframework.aop.framework.ReflectiveMethodInvocation.invokeJoinpoint(ReflectiveMethodInvocation.java:196)
	at org.springframework.aop.framework.ReflectiveMethodInvocation.proceed(ReflectiveMethodInvocation.java:163)
	at org.springframework.aop.framework.CglibAopProxy$CglibMethodInvocation.proceed(CglibAopProxy.java:765)
	at org.springframework.dao.support.PersistenceExceptionTranslationInterceptor.invoke(PersistenceExceptionTranslationInterceptor.java:137)
	at org.springframework.aop.framework.ReflectiveMethodInvocation.proceed(ReflectiveMethodInvocation.java:184)
	at org.springframework.aop.framework.CglibAopProxy$CglibMethodInvocation.proceed(CglibAopProxy.java:765)
	at org.springframework.transaction.interceptor.TransactionInterceptor$1.proceedWithInvocation(TransactionInterceptor.java:123)
	at org.springframework.transaction.interceptor.TransactionAspectSupport.invokeWithinTransaction(TransactionAspectSupport.java:385)
	at org.springframework.transaction.interceptor.TransactionInterceptor.invoke(TransactionInterceptor.java:119)
	at org.springframework.aop.framework.ReflectiveMethodInvocation.proceed(ReflectiveMethodInvocation.java:184)
	at org.springframework.aop.framework.CglibAopProxy$CglibMethodInvocation.proceed(CglibAopProxy.java:765)
	at org.springframework.aop.framework.CglibAopProxy$DynamicAdvisedInterceptor.intercept(CglibAopProxy.java:717)
	at ca.uwindsor.ims.dao.impl.SkillDaoImpl$$SpringCGLIB$$0.saveSkill(<generated>)
	at ca.uwindsor.ims.dao.impl.SkillDaoImplTest.saveSkill_ShouldPersistNewSkill(SkillDaoImplTest.java:40)
	at java.base/java.lang.reflect.Method.invoke(Method.java:580)
	at java.base/java.util.ArrayList.forEach(ArrayList.java:1596)
	at java.base/java.util.ArrayList.forEach(ArrayList.java:1596)
Caused by: org.hibernate.PropertyAccessException: Could not set value of type [java.lang.Integer]: 'ca.uwindsor.ims.model.SkillBo.skillId' (setter)
	at org.hibernate.property.access.spi.SetterFieldImpl.set(SetterFieldImpl.java:88)
	at org.hibernate.metamodel.mapping.internal.BasicEntityIdentifierMappingImpl.setIdentifier(BasicEntityIdentifierMappingImpl.java:163)
	at org.hibernate.persister.entity.AbstractEntityPersister.setIdentifier(AbstractEntityPersister.java:4564)
	at org.hibernate.action.internal.EntityIdentityInsertAction.execute(EntityIdentityInsertAction.java:87)
	at org.hibernate.engine.spi.ActionQueue.execute(ActionQueue.java:670)
	at org.hibernate.engine.spi.ActionQueue.addResolvedEntityInsertAction(ActionQueue.java:291)
	at org.hibernate.engine.spi.ActionQueue.addInsertAction(ActionQueue.java:272)
	at org.hibernate.engine.spi.ActionQueue.addAction(ActionQueue.java:322)
	at org.hibernate.event.internal.AbstractSaveEventListener.addInsertAction(AbstractSaveEventListener.java:386)
	at org.hibernate.event.internal.AbstractSaveEventListener.performSaveOrReplicate(AbstractSaveEventListener.java:300)
	at org.hibernate.event.internal.AbstractSaveEventListener.performSave(AbstractSaveEventListener.java:219)
	at org.hibernate.event.internal.AbstractSaveEventListener.saveWithGeneratedId(AbstractSaveEventListener.java:134)
	at org.hibernate.event.internal.DefaultPersistEventListener.entityIsTransient(DefaultPersistEventListener.java:175)
	at org.hibernate.event.internal.DefaultPersistEventListener.persist(DefaultPersistEventListener.java:93)
	at org.hibernate.event.internal.DefaultPersistEventListener.onPersist(DefaultPersistEventListener.java:77)
	at org.hibernate.event.internal.DefaultPersistEventListener.onPersist(DefaultPersistEventListener.java:54)
	at org.hibernate.event.service.internal.EventListenerGroupImpl.fireEventOnEachListener(EventListenerGroupImpl.java:127)
	at org.hibernate.internal.SessionImpl.firePersist(SessionImpl.java:754)
	at org.hibernate.internal.SessionImpl.persist(SessionImpl.java:738)
	at java.base/jdk.internal.reflect.DirectMethodHandleAccessor.invoke(DirectMethodHandleAccessor.java:103)
	at java.base/java.lang.reflect.Method.invoke(Method.java:580)
	at org.springframework.orm.jpa.SharedEntityManagerCreator$SharedEntityManagerInvocationHandler.invoke(SharedEntityManagerCreator.java:319)
	at jdk.proxy2/jdk.proxy2.$Proxy117.persist(Unknown Source)
	at ca.uwindsor.ims.dao.impl.SkillDaoImpl.saveSkill(SkillDaoImpl.java:122)
	... 20 more
Caused by: java.lang.IllegalAccessException: Can not set final int field ca.uwindsor.ims.model.SkillBo.skillId to java.lang.Integer
	at java.base/jdk.internal.reflect.FieldAccessorImpl.throwFinalFieldIllegalAccessException(FieldAccessorImpl.java:137)
	at java.base/jdk.internal.reflect.FieldAccessorImpl.throwFinalFieldIllegalAccessException(FieldAccessorImpl.java:141)
	at java.base/jdk.internal.reflect.MethodHandleIntegerFieldAccessorImpl.set(MethodHandleIntegerFieldAccessorImpl.java:107)
	at java.base/java.lang.reflect.Field.set(Field.java:836)
	at org.hibernate.property.access.spi.SetterFieldImpl.set(SetterFieldImpl.java:57)
	... 43 more
]]></error>
    <system-out><![CDATA[2025-02-16T16:07:16.268-05:00  INFO 14952 --- [           main] ca.uwindsor.ims.dao.impl.SkillDaoImpl    : START
2025-02-16T16:07:16.315-05:00 DEBUG 14952 --- [           main] org.hibernate.SQL                        : 
    insert 
    into
        skill
        (skill_name, skill_type, skill_id) 
    values
        (?, ?, default)
Hibernate: 
    insert 
    into
        skill
        (skill_name, skill_type, skill_id) 
    values
        (?, ?, default)
2025-02-16T16:07:16.335-05:00 ERROR 14952 --- [           main] ca.uwindsor.ims.dao.impl.SkillDaoImpl    : Error saving skill

org.hibernate.PropertyAccessException: Could not set value of type [java.lang.Integer]: 'ca.uwindsor.ims.model.SkillBo.skillId' (setter)
	at org.hibernate.property.access.spi.SetterFieldImpl.set(SetterFieldImpl.java:88) ~[hibernate-core-6.4.2.Final.jar:6.4.2.Final]
	at org.hibernate.metamodel.mapping.internal.BasicEntityIdentifierMappingImpl.setIdentifier(BasicEntityIdentifierMappingImpl.java:163) ~[hibernate-core-6.4.2.Final.jar:6.4.2.Final]
	at org.hibernate.persister.entity.AbstractEntityPersister.setIdentifier(AbstractEntityPersister.java:4564) ~[hibernate-core-6.4.2.Final.jar:6.4.2.Final]
	at org.hibernate.action.internal.EntityIdentityInsertAction.execute(EntityIdentityInsertAction.java:87) ~[hibernate-core-6.4.2.Final.jar:6.4.2.Final]
	at org.hibernate.engine.spi.ActionQueue.execute(ActionQueue.java:670) ~[hibernate-core-6.4.2.Final.jar:6.4.2.Final]
	at org.hibernate.engine.spi.ActionQueue.addResolvedEntityInsertAction(ActionQueue.java:291) ~[hibernate-core-6.4.2.Final.jar:6.4.2.Final]
	at org.hibernate.engine.spi.ActionQueue.addInsertAction(ActionQueue.java:272) ~[hibernate-core-6.4.2.Final.jar:6.4.2.Final]
	at org.hibernate.engine.spi.ActionQueue.addAction(ActionQueue.java:322) ~[hibernate-core-6.4.2.Final.jar:6.4.2.Final]
	at org.hibernate.event.internal.AbstractSaveEventListener.addInsertAction(AbstractSaveEventListener.java:386) ~[hibernate-core-6.4.2.Final.jar:6.4.2.Final]
	at org.hibernate.event.internal.AbstractSaveEventListener.performSaveOrReplicate(AbstractSaveEventListener.java:300) ~[hibernate-core-6.4.2.Final.jar:6.4.2.Final]
	at org.hibernate.event.internal.AbstractSaveEventListener.performSave(AbstractSaveEventListener.java:219) ~[hibernate-core-6.4.2.Final.jar:6.4.2.Final]
	at org.hibernate.event.internal.AbstractSaveEventListener.saveWithGeneratedId(AbstractSaveEventListener.java:134) ~[hibernate-core-6.4.2.Final.jar:6.4.2.Final]
	at org.hibernate.event.internal.DefaultPersistEventListener.entityIsTransient(DefaultPersistEventListener.java:175) ~[hibernate-core-6.4.2.Final.jar:6.4.2.Final]
	at org.hibernate.event.internal.DefaultPersistEventListener.persist(DefaultPersistEventListener.java:93) ~[hibernate-core-6.4.2.Final.jar:6.4.2.Final]
	at org.hibernate.event.internal.DefaultPersistEventListener.onPersist(DefaultPersistEventListener.java:77) ~[hibernate-core-6.4.2.Final.jar:6.4.2.Final]
	at org.hibernate.event.internal.DefaultPersistEventListener.onPersist(DefaultPersistEventListener.java:54) ~[hibernate-core-6.4.2.Final.jar:6.4.2.Final]
	at org.hibernate.event.service.internal.EventListenerGroupImpl.fireEventOnEachListener(EventListenerGroupImpl.java:127) ~[hibernate-core-6.4.2.Final.jar:6.4.2.Final]
	at org.hibernate.internal.SessionImpl.firePersist(SessionImpl.java:754) ~[hibernate-core-6.4.2.Final.jar:6.4.2.Final]
	at org.hibernate.internal.SessionImpl.persist(SessionImpl.java:738) ~[hibernate-core-6.4.2.Final.jar:6.4.2.Final]
	at java.base/jdk.internal.reflect.DirectMethodHandleAccessor.invoke(DirectMethodHandleAccessor.java:103) ~[na:na]
	at java.base/java.lang.reflect.Method.invoke(Method.java:580) ~[na:na]
	at org.springframework.orm.jpa.SharedEntityManagerCreator$SharedEntityManagerInvocationHandler.invoke(SharedEntityManagerCreator.java:319) ~[spring-orm-6.1.4.jar:6.1.4]
	at jdk.proxy2/jdk.proxy2.$Proxy117.persist(Unknown Source) ~[na:na]
	at ca.uwindsor.ims.dao.impl.SkillDaoImpl.saveSkill(SkillDaoImpl.java:122) ~[classes/:na]
	at java.base/jdk.internal.reflect.DirectMethodHandleAccessor.invoke(DirectMethodHandleAccessor.java:103) ~[na:na]
	at java.base/java.lang.reflect.Method.invoke(Method.java:580) ~[na:na]
	at org.springframework.aop.support.AopUtils.invokeJoinpointUsingReflection(AopUtils.java:351) ~[spring-aop-6.1.4.jar:6.1.4]
	at org.springframework.aop.framework.ReflectiveMethodInvocation.invokeJoinpoint(ReflectiveMethodInvocation.java:196) ~[spring-aop-6.1.4.jar:6.1.4]
	at org.springframework.aop.framework.ReflectiveMethodInvocation.proceed(ReflectiveMethodInvocation.java:163) ~[spring-aop-6.1.4.jar:6.1.4]
	at org.springframework.aop.framework.CglibAopProxy$CglibMethodInvocation.proceed(CglibAopProxy.java:765) ~[spring-aop-6.1.4.jar:6.1.4]
	at org.springframework.dao.support.PersistenceExceptionTranslationInterceptor.invoke(PersistenceExceptionTranslationInterceptor.java:137) ~[spring-tx-6.1.4.jar:6.1.4]
	at org.springframework.aop.framework.ReflectiveMethodInvocation.proceed(ReflectiveMethodInvocation.java:184) ~[spring-aop-6.1.4.jar:6.1.4]
	at org.springframework.aop.framework.CglibAopProxy$CglibMethodInvocation.proceed(CglibAopProxy.java:765) ~[spring-aop-6.1.4.jar:6.1.4]
	at org.springframework.transaction.interceptor.TransactionInterceptor$1.proceedWithInvocation(TransactionInterceptor.java:123) ~[spring-tx-6.1.4.jar:6.1.4]
	at org.springframework.transaction.interceptor.TransactionAspectSupport.invokeWithinTransaction(TransactionAspectSupport.java:385) ~[spring-tx-6.1.4.jar:6.1.4]
	at org.springframework.transaction.interceptor.TransactionInterceptor.invoke(TransactionInterceptor.java:119) ~[spring-tx-6.1.4.jar:6.1.4]
	at org.springframework.aop.framework.ReflectiveMethodInvocation.proceed(ReflectiveMethodInvocation.java:184) ~[spring-aop-6.1.4.jar:6.1.4]
	at org.springframework.aop.framework.CglibAopProxy$CglibMethodInvocation.proceed(CglibAopProxy.java:765) ~[spring-aop-6.1.4.jar:6.1.4]
	at org.springframework.aop.framework.CglibAopProxy$DynamicAdvisedInterceptor.intercept(CglibAopProxy.java:717) ~[spring-aop-6.1.4.jar:6.1.4]
	at ca.uwindsor.ims.dao.impl.SkillDaoImpl$$SpringCGLIB$$0.saveSkill(<generated>) ~[classes/:na]
	at ca.uwindsor.ims.dao.impl.SkillDaoImplTest.saveSkill_ShouldPersistNewSkill(SkillDaoImplTest.java:40) ~[test-classes/:na]
	at java.base/jdk.internal.reflect.DirectMethodHandleAccessor.invoke(DirectMethodHandleAccessor.java:103) ~[na:na]
	at java.base/java.lang.reflect.Method.invoke(Method.java:580) ~[na:na]
	at org.junit.platform.commons.util.ReflectionUtils.invokeMethod(ReflectionUtils.java:728) ~[junit-platform-commons-1.10.2.jar:1.10.2]
	at org.junit.jupiter.engine.execution.MethodInvocation.proceed(MethodInvocation.java:60) ~[junit-jupiter-engine-5.10.2.jar:5.10.2]
	at org.junit.jupiter.engine.execution.InvocationInterceptorChain$ValidatingInvocation.proceed(InvocationInterceptorChain.java:131) ~[junit-jupiter-engine-5.10.2.jar:5.10.2]
	at org.junit.jupiter.engine.extension.TimeoutExtension.intercept(TimeoutExtension.java:156) ~[junit-jupiter-engine-5.10.2.jar:5.10.2]
	at org.junit.jupiter.engine.extension.TimeoutExtension.interceptTestableMethod(TimeoutExtension.java:147) ~[junit-jupiter-engine-5.10.2.jar:5.10.2]
	at org.junit.jupiter.engine.extension.TimeoutExtension.interceptTestMethod(TimeoutExtension.java:86) ~[junit-jupiter-engine-5.10.2.jar:5.10.2]
	at org.junit.jupiter.engine.execution.InterceptingExecutableInvoker$ReflectiveInterceptorCall.lambda$ofVoidMethod$0(InterceptingExecutableInvoker.java:103) ~[junit-jupiter-engine-5.10.2.jar:5.10.2]
	at org.junit.jupiter.engine.execution.InterceptingExecutableInvoker.lambda$invoke$0(InterceptingExecutableInvoker.java:93) ~[junit-jupiter-engine-5.10.2.jar:5.10.2]
	at org.junit.jupiter.engine.execution.InvocationInterceptorChain$InterceptedInvocation.proceed(InvocationInterceptorChain.java:106) ~[junit-jupiter-engine-5.10.2.jar:5.10.2]
	at org.junit.jupiter.engine.execution.InvocationInterceptorChain.proceed(InvocationInterceptorChain.java:64) ~[junit-jupiter-engine-5.10.2.jar:5.10.2]
	at org.junit.jupiter.engine.execution.InvocationInterceptorChain.chainAndInvoke(InvocationInterceptorChain.java:45) ~[junit-jupiter-engine-5.10.2.jar:5.10.2]
	at org.junit.jupiter.engine.execution.InvocationInterceptorChain.invoke(InvocationInterceptorChain.java:37) ~[junit-jupiter-engine-5.10.2.jar:5.10.2]
	at org.junit.jupiter.engine.execution.InterceptingExecutableInvoker.invoke(InterceptingExecutableInvoker.java:92) ~[junit-jupiter-engine-5.10.2.jar:5.10.2]
	at org.junit.jupiter.engine.execution.InterceptingExecutableInvoker.invoke(InterceptingExecutableInvoker.java:86) ~[junit-jupiter-engine-5.10.2.jar:5.10.2]
	at org.junit.jupiter.engine.descriptor.TestMethodTestDescriptor.lambda$invokeTestMethod$7(TestMethodTestDescriptor.java:218) ~[junit-jupiter-engine-5.10.2.jar:5.10.2]
	at org.junit.platform.engine.support.hierarchical.ThrowableCollector.execute(ThrowableCollector.java:73) ~[junit-platform-engine-1.10.2.jar:1.10.2]
	at org.junit.jupiter.engine.descriptor.TestMethodTestDescriptor.invokeTestMethod(TestMethodTestDescriptor.java:214) ~[junit-jupiter-engine-5.10.2.jar:5.10.2]
	at org.junit.jupiter.engine.descriptor.TestMethodTestDescriptor.execute(TestMethodTestDescriptor.java:139) ~[junit-jupiter-engine-5.10.2.jar:5.10.2]
	at org.junit.jupiter.engine.descriptor.TestMethodTestDescriptor.execute(TestMethodTestDescriptor.java:69) ~[junit-jupiter-engine-5.10.2.jar:5.10.2]
	at org.junit.platform.engine.support.hierarchical.NodeTestTask.lambda$executeRecursively$6(NodeTestTask.java:151) ~[junit-platform-engine-1.10.2.jar:1.10.2]
	at org.junit.platform.engine.support.hierarchical.ThrowableCollector.execute(ThrowableCollector.java:73) ~[junit-platform-engine-1.10.2.jar:1.10.2]
	at org.junit.platform.engine.support.hierarchical.NodeTestTask.lambda$executeRecursively$8(NodeTestTask.java:141) ~[junit-platform-engine-1.10.2.jar:1.10.2]
	at org.junit.platform.engine.support.hierarchical.Node.around(Node.java:137) ~[junit-platform-engine-1.10.2.jar:1.10.2]
	at org.junit.platform.engine.support.hierarchical.NodeTestTask.lambda$executeRecursively$9(NodeTestTask.java:139) ~[junit-platform-engine-1.10.2.jar:1.10.2]
	at org.junit.platform.engine.support.hierarchical.ThrowableCollector.execute(ThrowableCollector.java:73) ~[junit-platform-engine-1.10.2.jar:1.10.2]
	at org.junit.platform.engine.support.hierarchical.NodeTestTask.executeRecursively(NodeTestTask.java:138) ~[junit-platform-engine-1.10.2.jar:1.10.2]
	at org.junit.platform.engine.support.hierarchical.NodeTestTask.execute(NodeTestTask.java:95) ~[junit-platform-engine-1.10.2.jar:1.10.2]
	at java.base/java.util.ArrayList.forEach(ArrayList.java:1596) ~[na:na]
	at org.junit.platform.engine.support.hierarchical.SameThreadHierarchicalTestExecutorService.invokeAll(SameThreadHierarchicalTestExecutorService.java:41) ~[junit-platform-engine-1.10.2.jar:1.10.2]
	at org.junit.platform.engine.support.hierarchical.NodeTestTask.lambda$executeRecursively$6(NodeTestTask.java:155) ~[junit-platform-engine-1.10.2.jar:1.10.2]
	at org.junit.platform.engine.support.hierarchical.ThrowableCollector.execute(ThrowableCollector.java:73) ~[junit-platform-engine-1.10.2.jar:1.10.2]
	at org.junit.platform.engine.support.hierarchical.NodeTestTask.lambda$executeRecursively$8(NodeTestTask.java:141) ~[junit-platform-engine-1.10.2.jar:1.10.2]
	at org.junit.platform.engine.support.hierarchical.Node.around(Node.java:137) ~[junit-platform-engine-1.10.2.jar:1.10.2]
	at org.junit.platform.engine.support.hierarchical.NodeTestTask.lambda$executeRecursively$9(NodeTestTask.java:139) ~[junit-platform-engine-1.10.2.jar:1.10.2]
	at org.junit.platform.engine.support.hierarchical.ThrowableCollector.execute(ThrowableCollector.java:73) ~[junit-platform-engine-1.10.2.jar:1.10.2]
	at org.junit.platform.engine.support.hierarchical.NodeTestTask.executeRecursively(NodeTestTask.java:138) ~[junit-platform-engine-1.10.2.jar:1.10.2]
	at org.junit.platform.engine.support.hierarchical.NodeTestTask.execute(NodeTestTask.java:95) ~[junit-platform-engine-1.10.2.jar:1.10.2]
	at java.base/java.util.ArrayList.forEach(ArrayList.java:1596) ~[na:na]
	at org.junit.platform.engine.support.hierarchical.SameThreadHierarchicalTestExecutorService.invokeAll(SameThreadHierarchicalTestExecutorService.java:41) ~[junit-platform-engine-1.10.2.jar:1.10.2]
	at org.junit.platform.engine.support.hierarchical.NodeTestTask.lambda$executeRecursively$6(NodeTestTask.java:155) ~[junit-platform-engine-1.10.2.jar:1.10.2]
	at org.junit.platform.engine.support.hierarchical.ThrowableCollector.execute(ThrowableCollector.java:73) ~[junit-platform-engine-1.10.2.jar:1.10.2]
	at org.junit.platform.engine.support.hierarchical.NodeTestTask.lambda$executeRecursively$8(NodeTestTask.java:141) ~[junit-platform-engine-1.10.2.jar:1.10.2]
	at org.junit.platform.engine.support.hierarchical.Node.around(Node.java:137) ~[junit-platform-engine-1.10.2.jar:1.10.2]
	at org.junit.platform.engine.support.hierarchical.NodeTestTask.lambda$executeRecursively$9(NodeTestTask.java:139) ~[junit-platform-engine-1.10.2.jar:1.10.2]
	at org.junit.platform.engine.support.hierarchical.ThrowableCollector.execute(ThrowableCollector.java:73) ~[junit-platform-engine-1.10.2.jar:1.10.2]
	at org.junit.platform.engine.support.hierarchical.NodeTestTask.executeRecursively(NodeTestTask.java:138) ~[junit-platform-engine-1.10.2.jar:1.10.2]
	at org.junit.platform.engine.support.hierarchical.NodeTestTask.execute(NodeTestTask.java:95) ~[junit-platform-engine-1.10.2.jar:1.10.2]
	at org.junit.platform.engine.support.hierarchical.SameThreadHierarchicalTestExecutorService.submit(SameThreadHierarchicalTestExecutorService.java:35) ~[junit-platform-engine-1.10.2.jar:1.10.2]
	at org.junit.platform.engine.support.hierarchical.HierarchicalTestExecutor.execute(HierarchicalTestExecutor.java:57) ~[junit-platform-engine-1.10.2.jar:1.10.2]
	at org.junit.platform.engine.support.hierarchical.HierarchicalTestEngine.execute(HierarchicalTestEngine.java:54) ~[junit-platform-engine-1.10.2.jar:1.10.2]
	at org.junit.platform.launcher.core.EngineExecutionOrchestrator.execute(EngineExecutionOrchestrator.java:198) ~[junit-platform-launcher-1.10.2.jar:1.10.2]
	at org.junit.platform.launcher.core.EngineExecutionOrchestrator.execute(EngineExecutionOrchestrator.java:169) ~[junit-platform-launcher-1.10.2.jar:1.10.2]
	at org.junit.platform.launcher.core.EngineExecutionOrchestrator.execute(EngineExecutionOrchestrator.java:93) ~[junit-platform-launcher-1.10.2.jar:1.10.2]
	at org.junit.platform.launcher.core.EngineExecutionOrchestrator.lambda$execute$0(EngineExecutionOrchestrator.java:58) ~[junit-platform-launcher-1.10.2.jar:1.10.2]
	at org.junit.platform.launcher.core.EngineExecutionOrchestrator.withInterceptedStreams(EngineExecutionOrchestrator.java:141) ~[junit-platform-launcher-1.10.2.jar:1.10.2]
	at org.junit.platform.launcher.core.EngineExecutionOrchestrator.execute(EngineExecutionOrchestrator.java:57) ~[junit-platform-launcher-1.10.2.jar:1.10.2]
	at org.junit.platform.launcher.core.DefaultLauncher.execute(DefaultLauncher.java:103) ~[junit-platform-launcher-1.10.2.jar:1.10.2]
	at org.junit.platform.launcher.core.DefaultLauncher.execute(DefaultLauncher.java:85) ~[junit-platform-launcher-1.10.2.jar:1.10.2]
	at org.junit.platform.launcher.core.DelegatingLauncher.execute(DelegatingLauncher.java:47) ~[junit-platform-launcher-1.10.2.jar:1.10.2]
	at org.apache.maven.surefire.junitplatform.LazyLauncher.execute(LazyLauncher.java:56) ~[surefire-junit-platform-3.2.5.jar:3.2.5]
	at org.apache.maven.surefire.junitplatform.JUnitPlatformProvider.execute(JUnitPlatformProvider.java:184) ~[surefire-junit-platform-3.2.5.jar:3.2.5]
	at org.apache.maven.surefire.junitplatform.JUnitPlatformProvider.invokeAllTests(JUnitPlatformProvider.java:148) ~[surefire-junit-platform-3.2.5.jar:3.2.5]
	at org.apache.maven.surefire.junitplatform.JUnitPlatformProvider.invoke(JUnitPlatformProvider.java:122) ~[surefire-junit-platform-3.2.5.jar:3.2.5]
	at org.apache.maven.surefire.booter.ForkedBooter.runSuitesInProcess(ForkedBooter.java:385) ~[surefire-booter-3.2.5.jar:3.2.5]
	at org.apache.maven.surefire.booter.ForkedBooter.execute(ForkedBooter.java:162) ~[surefire-booter-3.2.5.jar:3.2.5]
	at org.apache.maven.surefire.booter.ForkedBooter.run(ForkedBooter.java:507) ~[surefire-booter-3.2.5.jar:3.2.5]
	at org.apache.maven.surefire.booter.ForkedBooter.main(ForkedBooter.java:495) ~[surefire-booter-3.2.5.jar:3.2.5]
Caused by: java.lang.IllegalAccessException: Can not set final int field ca.uwindsor.ims.model.SkillBo.skillId to java.lang.Integer
	at java.base/jdk.internal.reflect.FieldAccessorImpl.throwFinalFieldIllegalAccessException(FieldAccessorImpl.java:137) ~[na:na]
	at java.base/jdk.internal.reflect.FieldAccessorImpl.throwFinalFieldIllegalAccessException(FieldAccessorImpl.java:141) ~[na:na]
	at java.base/jdk.internal.reflect.MethodHandleIntegerFieldAccessorImpl.set(MethodHandleIntegerFieldAccessorImpl.java:107) ~[na:na]
	at java.base/java.lang.reflect.Field.set(Field.java:836) ~[na:na]
	at org.hibernate.property.access.spi.SetterFieldImpl.set(SetterFieldImpl.java:57) ~[hibernate-core-6.4.2.Final.jar:6.4.2.Final]
	... 109 common frames omitted

2025-02-16T16:07:16.340-05:00  INFO 14952 --- [           main] ca.uwindsor.ims.dao.impl.SkillDaoImpl    : END
]]></system-out>
  </testcase>
</testsuite>