<?xml version="1.0" encoding="UTF-8"?>
<testsuite xmlns:xsi="http://www.w3.org/2001/XMLSchema-instance" xsi:noNamespaceSchemaLocation="https://maven.apache.org/surefire/maven-surefire-plugin/xsd/surefire-test-report-3.0.xsd" version="3.0" name="ca.uwindsor.ims.dao.impl.RegLoginDaoImplTest" time="14.574" tests="5" errors="0" skipped="0" failures="0">
  <properties>
[...]
</properties>
  <testcase name="updatePassword_WithValidUser_ShouldSucceed" classname="ca.uwindsor.ims.dao.impl.RegLoginDaoImplTest" time="2.055">
    <system-out><![CDATA[2025-02-16 22:39:20.469  INFO Umesh --- [           main] .b.t.c.SpringBootTestContextBootstrapper : Found @SpringBootConfiguration ca.uwindsor.ims.InternshipManagementApplication for test class ca.uwindsor.ims.dao.impl.RegLoginDaoImplTest

  .   ____          _            __ _ _
 /\\ / ___'_ __ _ _(_)_ __  __ _ \ \ \ \
( ( )\___ | '_ | '_| | '_ \/ _` | \ \ \ \
 \\/  ___)| |_)| | | | | || (_| |  ) ) ) )
  '  |____| .__|_| |_|_| |_\__, | / / / /
 =========|_|==============|___/=/_/_/_/
 :: Spring Boot ::                (v3.2.3)

2025-02-16 22:39:21.546  INFO Umesh --- [kground-preinit] o.h.v.i.u.Version                        : HV000001: Hibernate Validator 8.0.1.Final
2025-02-16 22:39:21.611  INFO Umesh --- [           main] c.u.i.d.i.RegLoginDaoImplTest            : Starting RegLoginDaoImplTest using Java 21.0.2 with PID 5592 (started by umesh in C:\Users\umesh\VS code\internship\InternshipManagement)
2025-02-16 22:39:21.617 DEBUG Umesh --- [           main] c.u.i.d.i.RegLoginDaoImplTest            : Running with Spring Boot v3.2.3, Spring v6.1.4
2025-02-16 22:39:21.618  INFO Umesh --- [           main] c.u.i.d.i.RegLoginDaoImplTest            : The following 1 profile is active: "test"
2025-02-16 22:39:22.877  INFO Umesh --- [           main] .s.d.r.c.RepositoryConfigurationDelegate : Bootstrapping Spring Data JPA repositories in DEFAULT mode.
2025-02-16 22:39:22.938  INFO Umesh --- [           main] .s.d.r.c.RepositoryConfigurationDelegate : Finished Spring Data repository scanning in 46 ms. Found 0 JPA repository interfaces.
2025-02-16 22:39:24.319  INFO Umesh --- [           main] o.s.j.d.e.EmbeddedDatabaseFactory        : Starting embedded database: url='jdbc:h2:mem:testdb;DB_CLOSE_DELAY=-1;DB_CLOSE_ON_EXIT=false', username='sa'
2025-02-16 22:39:25.398  INFO Umesh --- [           main] o.h.j.i.u.LogHelper                      : HHH000204: Processing PersistenceUnitInfo [name: default]
2025-02-16 22:39:25.553  INFO Umesh --- [           main] o.h.Version                              : HHH000412: Hibernate ORM core version 6.4.2.Final
2025-02-16 22:39:25.630  INFO Umesh --- [           main] o.h.c.i.RegionFactoryInitiator           : HHH000026: Second-level cache disabled
2025-02-16 22:39:26.341  INFO Umesh --- [           main] o.s.o.j.p.SpringPersistenceUnitInfo      : No LoadTimeWeaver setup: ignoring JPA class transformer
2025-02-16 22:39:26.463  WARN Umesh --- [           main] o.h.o.deprecation                        : HHH90000025: H2Dialect does not need to be specified explicitly using 'hibernate.dialect' (remove the property setting and it will be selected by default)
2025-02-16 22:39:28.763  INFO Umesh --- [           main] o.h.e.t.j.p.i.JtaPlatformInitiator       : HHH000489: No JTA platform available (set 'hibernate.transaction.jta.platform' to enable JTA platform integration)
2025-02-16 22:39:28.767  INFO Umesh --- [           main] j.LocalContainerEntityManagerFactoryBean : Initialized JPA EntityManagerFactory for persistence unit 'default'
2025-02-16 22:39:29.461  WARN Umesh --- [           main] JpaBaseConfiguration$JpaWebConfiguration : spring.jpa.open-in-view is enabled by default. Therefore, database queries may be performed during view rendering. Explicitly configure spring.jpa.open-in-view to disable this warning
2025-02-16 22:39:30.782  INFO Umesh --- [           main] o.s.b.a.h.H2ConsoleAutoConfiguration     : H2 console available at '/h2-console '. Database available at 'jdbc:h2:mem:testdb'
2025-02-16 22:39:31.157  INFO Umesh --- [           main] o.s.s.w.DefaultSecurityFilterChain       : Will secure any request with [org.springframework.security.web.session.DisableEncodeUrlFilter@59acd373, org.springframework.security.web.context.request.async.WebAsyncManagerIntegrationFilter@3c0790ed, org.springframework.security.web.context.SecurityContextHolderFilter@ab410ec, org.springframework.security.web.header.HeaderWriterFilter@4b71be02, org.springframework.web.filter.CorsFilter@334ec94d, org.springframework.security.web.csrf.CsrfFilter@585b81c1, org.springframework.security.web.authentication.logout.LogoutFilter@37f2f6b8, org.springframework.security.web.authentication.UsernamePasswordAuthenticationFilter@35754437, org.springframework.security.web.authentication.ui.DefaultLoginPageGeneratingFilter@7fdf3d7e, org.springframework.security.web.authentication.ui.DefaultLogoutPageGeneratingFilter@3bf4390d, org.springframework.security.web.authentication.www.BasicAuthenticationFilter@3e3b6ead, org.springframework.security.web.savedrequest.RequestCacheAwareFilter@5076da27, org.springframework.security.web.servletapi.SecurityContextHolderAwareRequestFilter@65c03f1b, org.springframework.security.web.authentication.AnonymousAuthenticationFilter@4fc424b, org.springframework.security.web.access.ExceptionTranslationFilter@7391fee4, org.springframework.security.web.access.intercept.AuthorizationFilter@6d82339e]
2025-02-16 22:39:31.245  INFO Umesh --- [           main] c.u.i.d.i.RegLoginDaoImplTest            : Started RegLoginDaoImplTest in 10.366 seconds (process running for 14.554)
2025-02-16 22:39:32.232  INFO Umesh --- [           main] c.u.i.d.i.RegLoginDaoImpl                : Registering new user: testuser
2025-02-16 22:39:32.267 DEBUG Umesh --- [           main] o.h.SQL                                  : 
    insert 
    into
        login
        (FLAG, PWD, STUDENT_ID, USER_TYPE, USERNAME, LOGIN_ID) 
    values
        (?, ?, ?, ?, ?, default)
Hibernate: 
    insert 
    into
        login
        (FLAG, PWD, STUDENT_ID, USER_TYPE, USERNAME, LOGIN_ID) 
    values
        (?, ?, ?, ?, ?, default)
2025-02-16 22:39:32.328  INFO Umesh --- [           main] c.u.i.d.i.RegLoginDaoImpl                : Updating password for user: testuser
2025-02-16 22:39:33.133 DEBUG Umesh --- [           main] o.h.SQL                                  : 
    select
        lb1_0.LOGIN_ID,
        lb1_0.FLAG,
        lb1_0.PWD,
        lb1_0.STUDENT_ID,
        lb1_0.USER_TYPE,
        lb1_0.USERNAME 
    from
        login lb1_0 
    where
        lb1_0.USERNAME=?
Hibernate: 
    select
        lb1_0.LOGIN_ID,
        lb1_0.FLAG,
        lb1_0.PWD,
        lb1_0.STUDENT_ID,
        lb1_0.USER_TYPE,
        lb1_0.USERNAME 
    from
        login lb1_0 
    where
        lb1_0.USERNAME=?
2025-02-16 22:39:33.156 DEBUG Umesh --- [           main] o.h.SQL                                  : 
    update
        login 
    set
        FLAG=?,
        PWD=?,
        STUDENT_ID=?,
        USER_TYPE=?,
        USERNAME=? 
    where
        LOGIN_ID=?
Hibernate: 
    update
        login 
    set
        FLAG=?,
        PWD=?,
        STUDENT_ID=?,
        USER_TYPE=?,
        USERNAME=? 
    where
        LOGIN_ID=?
2025-02-16 22:39:33.278  INFO Umesh --- [           main] c.u.i.d.i.RegLoginDaoImpl                : Validating login for user: testuser
2025-02-16 22:39:33.303 DEBUG Umesh --- [           main] o.h.SQL                                  : 
    select
        lb1_0.LOGIN_ID,
        lb1_0.FLAG,
        lb1_0.PWD,
        lb1_0.STUDENT_ID,
        lb1_0.USER_TYPE,
        lb1_0.USERNAME 
    from
        login lb1_0 
    where
        lb1_0.USERNAME=? 
        and lb1_0.PWD=?
Hibernate: 
    select
        lb1_0.LOGIN_ID,
        lb1_0.FLAG,
        lb1_0.PWD,
        lb1_0.STUDENT_ID,
        lb1_0.USER_TYPE,
        lb1_0.USERNAME 
    from
        login lb1_0 
    where
        lb1_0.USERNAME=? 
        and lb1_0.PWD=?
]]></system-out>
    <system-err><![CDATA[WARNING: A Java agent has been loaded dynamically (C:\Users\umesh\.m2\repository\net\bytebuddy\byte-buddy-agent\1.14.12\byte-buddy-agent-1.14.12.jar)
WARNING: If a serviceability tool is in use, please run with -XX:+EnableDynamicAgentLoading to hide this warning
WARNING: If a serviceability tool is not in use, please run with -Djdk.instrument.traceUsage for more information
WARNING: Dynamic loading of agents will be disallowed by default in a future release
]]></system-err>
  </testcase>
  <testcase name="registerUser_ShouldSaveUserSuccessfully" classname="ca.uwindsor.ims.dao.impl.RegLoginDaoImplTest" time="0.017">
    <system-out><![CDATA[2025-02-16 22:39:33.354  INFO Umesh --- [           main] c.u.i.d.i.RegLoginDaoImpl                : Registering new user: testuser
2025-02-16 22:39:33.355 DEBUG Umesh --- [           main] o.h.SQL                                  : 
    insert 
    into
        login
        (FLAG, PWD, STUDENT_ID, USER_TYPE, USERNAME, LOGIN_ID) 
    values
        (?, ?, ?, ?, ?, default)
Hibernate: 
    insert 
    into
        login
        (FLAG, PWD, STUDENT_ID, USER_TYPE, USERNAME, LOGIN_ID) 
    values
        (?, ?, ?, ?, ?, default)
2025-02-16 22:39:33.358  INFO Umesh --- [           main] c.u.i.d.i.RegLoginDaoImpl                : Validating login for user: testuser
2025-02-16 22:39:33.361 DEBUG Umesh --- [           main] o.h.SQL                                  : 
    select
        lb1_0.LOGIN_ID,
        lb1_0.FLAG,
        lb1_0.PWD,
        lb1_0.STUDENT_ID,
        lb1_0.USER_TYPE,
        lb1_0.USERNAME 
    from
        login lb1_0 
    where
        lb1_0.USERNAME=? 
        and lb1_0.PWD=?
Hibernate: 
    select
        lb1_0.LOGIN_ID,
        lb1_0.FLAG,
        lb1_0.PWD,
        lb1_0.STUDENT_ID,
        lb1_0.USER_TYPE,
        lb1_0.USERNAME 
    from
        login lb1_0 
    where
        lb1_0.USERNAME=? 
        and lb1_0.PWD=?
]]></system-out>
  </testcase>
  <testcase name="validateLogin_WithValidCredentials_ShouldReturnUser" classname="ca.uwindsor.ims.dao.impl.RegLoginDaoImplTest" time="0.014">
    <system-out><![CDATA[2025-02-16 22:39:33.372  INFO Umesh --- [           main] c.u.i.d.i.RegLoginDaoImpl                : Registering new user: testuser
2025-02-16 22:39:33.373 DEBUG Umesh --- [           main] o.h.SQL                                  : 
    insert 
    into
        login
        (FLAG, PWD, STUDENT_ID, USER_TYPE, USERNAME, LOGIN_ID) 
    values
        (?, ?, ?, ?, ?, default)
Hibernate: 
    insert 
    into
        login
        (FLAG, PWD, STUDENT_ID, USER_TYPE, USERNAME, LOGIN_ID) 
    values
        (?, ?, ?, ?, ?, default)
2025-02-16 22:39:33.376  INFO Umesh --- [           main] c.u.i.d.i.RegLoginDaoImpl                : Validating login for user: testuser
2025-02-16 22:39:33.377 DEBUG Umesh --- [           main] o.h.SQL                                  : 
    select
        lb1_0.LOGIN_ID,
        lb1_0.FLAG,
        lb1_0.PWD,
        lb1_0.STUDENT_ID,
        lb1_0.USER_TYPE,
        lb1_0.USERNAME 
    from
        login lb1_0 
    where
        lb1_0.USERNAME=? 
        and lb1_0.PWD=?
Hibernate: 
    select
        lb1_0.LOGIN_ID,
        lb1_0.FLAG,
        lb1_0.PWD,
        lb1_0.STUDENT_ID,
        lb1_0.USER_TYPE,
        lb1_0.USERNAME 
    from
        login lb1_0 
    where
        lb1_0.USERNAME=? 
        and lb1_0.PWD=?
]]></system-out>
  </testcase>
  <testcase name="updatePassword_WithNonexistentUser_ShouldReturnFalse" classname="ca.uwindsor.ims.dao.impl.RegLoginDaoImplTest" time="0.011">
    <system-out><![CDATA[2025-02-16 22:39:33.386  INFO Umesh --- [           main] c.u.i.d.i.RegLoginDaoImpl                : Updating password for user: nonexistent
2025-02-16 22:39:33.387 DEBUG Umesh --- [           main] o.h.SQL                                  : 
    select
        lb1_0.LOGIN_ID,
        lb1_0.FLAG,
        lb1_0.PWD,
        lb1_0.STUDENT_ID,
        lb1_0.USER_TYPE,
        lb1_0.USERNAME 
    from
        login lb1_0 
    where
        lb1_0.USERNAME=?
Hibernate: 
    select
        lb1_0.LOGIN_ID,
        lb1_0.FLAG,
        lb1_0.PWD,
        lb1_0.STUDENT_ID,
        lb1_0.USER_TYPE,
        lb1_0.USERNAME 
    from
        login lb1_0 
    where
        lb1_0.USERNAME=?
2025-02-16 22:39:33.390  WARN Umesh --- [           main] c.u.i.d.i.RegLoginDaoImpl                : No user found with username: nonexistent
]]></system-out>
  </testcase>
  <testcase name="validateLogin_WithInvalidCredentials_ShouldReturnNull" classname="ca.uwindsor.ims.dao.impl.RegLoginDaoImplTest" time="0.012">
    <system-out><![CDATA[2025-02-16 22:39:33.399  INFO Umesh --- [           main] c.u.i.d.i.RegLoginDaoImpl                : Validating login for user: nonexistent
2025-02-16 22:39:33.400 DEBUG Umesh --- [           main] o.h.SQL                                  : 
    select
        lb1_0.LOGIN_ID,
        lb1_0.FLAG,
        lb1_0.PWD,
        lb1_0.STUDENT_ID,
        lb1_0.USER_TYPE,
        lb1_0.USERNAME 
    from
        login lb1_0 
    where
        lb1_0.USERNAME=? 
        and lb1_0.PWD=?
Hibernate: 
    select
        lb1_0.LOGIN_ID,
        lb1_0.FLAG,
        lb1_0.PWD,
        lb1_0.STUDENT_ID,
        lb1_0.USER_TYPE,
        lb1_0.USERNAME 
    from
        login lb1_0 
    where
        lb1_0.USERNAME=? 
        and lb1_0.PWD=?
2025-02-16 22:39:33.403  WARN Umesh --- [           main] c.u.i.d.i.RegLoginDaoImpl                : No user found with username: nonexistent
]]></system-out>
  </testcase>
</testsuite>